1.sledgehammer initialize Params for sledgehammer: {abduce = SOME 0, cache_dir = NONE, compress = NONE, debug = false, expect =
1.sledgehammer initialize  "", fact_filter = NONE, fact_thresholds = (0.45, 0.85), falsify =
1.sledgehammer initialize  SOME false, induction_rules = NONE, instantiate = NONE, isar_proofs = NONE,
1.sledgehammer initialize  lam_trans = NONE, learn = true, max_facts = NONE, max_mono_iters = NONE,
1.sledgehammer initialize  max_new_mono_instances = NONE, max_proofs = 4, minimize = true, overlord =
1.sledgehammer initialize  false, preplay_timeout = 1.000, provers =
1.sledgehammer initialize  ["cvc5", "cvc5_proof", "verit", "z3", "e", "spass", "vampire",
1.sledgehammer initialize   "zipperposition"],
1.sledgehammer initialize  slices = 96, smt_proofs = true, spy = false, strict = false, timeout =
1.sledgehammer initialize  300.000, try0 = true, type_enc = NONE, uncurried_aliases = NONE, verbose =
1.sledgehammer initialize  false}
0.try0 goal.proof         9ms LemmaSledge.left_shift_add_2 8:393  
1.sledgehammer goal.proof     278267ms LemmaSledge.left_shift_add_2 8:393  timeout (SH 278267ms) [cvc5]: Timed out
1.sledgehammer finalize   Total number of sledgehammer calls: 1
1.sledgehammer finalize   Number of successful sledgehammer calls: 0
1.sledgehammer finalize   Number of sledgehammer lemmas: 0
1.sledgehammer finalize   Max number of sledgehammer lemmas: 0
1.sledgehammer finalize   Success rate: 0%
1.sledgehammer finalize   Total number of nontrivial sledgehammer calls: 1
1.sledgehammer finalize   Number of successful nontrivial sledgehammer calls: 0
1.sledgehammer finalize   Total time for sledgehammer calls (Isabelle): 278.267
1.sledgehammer finalize   Total time for successful sledgehammer calls (ATP): 0.000
1.sledgehammer finalize   Average time for sledgehammer calls (Isabelle): 278.267
1.sledgehammer finalize   Average time for successful sledgehammer calls (ATP): 0.000
1.sledgehammer initialize Params for sledgehammer: {abduce = SOME 0, cache_dir = NONE, compress = NONE, debug = false, expect =
1.sledgehammer initialize  "", fact_filter = NONE, fact_thresholds = (0.45, 0.85), falsify =
1.sledgehammer initialize  SOME false, induction_rules = NONE, instantiate = NONE, isar_proofs = NONE,
1.sledgehammer initialize  lam_trans = NONE, learn = true, max_facts = NONE, max_mono_iters = NONE,
1.sledgehammer initialize  max_new_mono_instances = NONE, max_proofs = 4, minimize = true, overlord =
1.sledgehammer initialize  false, preplay_timeout = 1.000, provers =
1.sledgehammer initialize  ["cvc5", "cvc5_proof", "verit", "z3", "e", "spass", "vampire",
1.sledgehammer initialize   "zipperposition"],
1.sledgehammer initialize  slices = 96, smt_proofs = true, spy = false, strict = false, timeout =
1.sledgehammer initialize  300.000, try0 = true, type_enc = NONE, uncurried_aliases = NONE, verbose =
1.sledgehammer initialize  false}
0.try0 goal.proof        10ms LemmaSledge.mul_two 8:188  
1.sledgehammer goal.proof     278970ms LemmaSledge.mul_two 8:188  timeout (SH 278970ms) [cvc5]: Timed out
1.sledgehammer finalize   Total number of sledgehammer calls: 1
1.sledgehammer finalize   Number of successful sledgehammer calls: 0
1.sledgehammer finalize   Number of sledgehammer lemmas: 0
1.sledgehammer finalize   Max number of sledgehammer lemmas: 0
1.sledgehammer finalize   Success rate: 0%
1.sledgehammer finalize   Total number of nontrivial sledgehammer calls: 1
1.sledgehammer finalize   Number of successful nontrivial sledgehammer calls: 0
1.sledgehammer finalize   Total time for sledgehammer calls (Isabelle): 278.970
1.sledgehammer finalize   Total time for successful sledgehammer calls (ATP): 0.000
1.sledgehammer finalize   Average time for sledgehammer calls (Isabelle): 278.970
1.sledgehammer finalize   Average time for successful sledgehammer calls (ATP): 0.000
1.sledgehammer initialize Params for sledgehammer: {abduce = SOME 0, cache_dir = NONE, compress = NONE, debug = false, expect =
1.sledgehammer initialize  "", fact_filter = NONE, fact_thresholds = (0.45, 0.85), falsify =
1.sledgehammer initialize  SOME false, induction_rules = NONE, instantiate = NONE, isar_proofs = NONE,
1.sledgehammer initialize  lam_trans = NONE, learn = true, max_facts = NONE, max_mono_iters = NONE,
1.sledgehammer initialize  max_new_mono_instances = NONE, max_proofs = 4, minimize = true, overlord =
1.sledgehammer initialize  false, preplay_timeout = 1.000, provers =
1.sledgehammer initialize  ["cvc5", "cvc5_proof", "verit", "z3", "e", "spass", "vampire",
1.sledgehammer initialize   "zipperposition"],
1.sledgehammer initialize  slices = 96, smt_proofs = true, spy = false, strict = false, timeout =
1.sledgehammer initialize  300.000, try0 = true, type_enc = NONE, uncurried_aliases = NONE, verbose =
1.sledgehammer initialize  false}
0.try0 goal.proof         9ms LemmaSledge.commutativity_mult 8:241  
1.sledgehammer goal.proof      1756ms LemmaSledge.commutativity_mult 8:241  some (SH 1756ms, ATP 321ms) [cvc5]: Try this: by (simp add: mult.commute) (4 ms)
1.sledgehammer finalize   Total number of sledgehammer calls: 1
1.sledgehammer finalize   Number of successful sledgehammer calls: 1
1.sledgehammer finalize   Number of sledgehammer lemmas: 1
1.sledgehammer finalize   Max number of sledgehammer lemmas: 1
1.sledgehammer finalize   Success rate: 100%
1.sledgehammer finalize   Total number of nontrivial sledgehammer calls: 1
1.sledgehammer finalize   Number of successful nontrivial sledgehammer calls: 1
1.sledgehammer finalize   Total time for sledgehammer calls (Isabelle): 1.756
1.sledgehammer finalize   Total time for successful sledgehammer calls (ATP): 0.321
1.sledgehammer finalize   Average time for sledgehammer calls (Isabelle): 1.756
1.sledgehammer finalize   Average time for successful sledgehammer calls (ATP): 0.321
1.sledgehammer initialize Params for sledgehammer: {abduce = SOME 0, cache_dir = NONE, compress = NONE, debug = false, expect =
1.sledgehammer initialize  "", fact_filter = NONE, fact_thresholds = (0.45, 0.85), falsify =
1.sledgehammer initialize  SOME false, induction_rules = NONE, instantiate = NONE, isar_proofs = NONE,
1.sledgehammer initialize  lam_trans = NONE, learn = true, max_facts = NONE, max_mono_iters = NONE,
1.sledgehammer initialize  max_new_mono_instances = NONE, max_proofs = 4, minimize = true, overlord =
1.sledgehammer initialize  false, preplay_timeout = 1.000, provers =
1.sledgehammer initialize  ["cvc5", "cvc5_proof", "verit", "z3", "e", "spass", "vampire",
1.sledgehammer initialize   "zipperposition"],
1.sledgehammer initialize  slices = 96, smt_proofs = true, spy = false, strict = false, timeout =
1.sledgehammer initialize  300.000, try0 = true, type_enc = NONE, uncurried_aliases = NONE, verbose =
1.sledgehammer initialize  false}
0.try0 goal.proof        10ms LemmaSledge.merge_right_shift 8:375  
1.sledgehammer goal.proof     278221ms LemmaSledge.merge_right_shift 8:375  timeout (SH 278221ms) [cvc5]: Timed out
1.sledgehammer finalize   Total number of sledgehammer calls: 1
1.sledgehammer finalize   Number of successful sledgehammer calls: 0
1.sledgehammer finalize   Number of sledgehammer lemmas: 0
1.sledgehammer finalize   Max number of sledgehammer lemmas: 0
1.sledgehammer finalize   Success rate: 0%
1.sledgehammer finalize   Total number of nontrivial sledgehammer calls: 1
1.sledgehammer finalize   Number of successful nontrivial sledgehammer calls: 0
1.sledgehammer finalize   Total time for sledgehammer calls (Isabelle): 278.221
1.sledgehammer finalize   Total time for successful sledgehammer calls (ATP): 0.000
1.sledgehammer finalize   Average time for sledgehammer calls (Isabelle): 278.221
1.sledgehammer finalize   Average time for successful sledgehammer calls (ATP): 0.000
1.sledgehammer initialize Params for sledgehammer: {abduce = SOME 0, cache_dir = NONE, compress = NONE, debug = false, expect =
1.sledgehammer initialize  "", fact_filter = NONE, fact_thresholds = (0.45, 0.85), falsify =
1.sledgehammer initialize  SOME false, induction_rules = NONE, instantiate = NONE, isar_proofs = NONE,
1.sledgehammer initialize  lam_trans = NONE, learn = true, max_facts = NONE, max_mono_iters = NONE,
1.sledgehammer initialize  max_new_mono_instances = NONE, max_proofs = 4, minimize = true, overlord =
1.sledgehammer initialize  false, preplay_timeout = 1.000, provers =
1.sledgehammer initialize  ["cvc5", "cvc5_proof", "verit", "z3", "e", "spass", "vampire",
1.sledgehammer initialize   "zipperposition"],
1.sledgehammer initialize  slices = 96, smt_proofs = true, spy = false, strict = false, timeout =
1.sledgehammer initialize  300.000, try0 = true, type_enc = NONE, uncurried_aliases = NONE, verbose =
1.sledgehammer initialize  false}
0.try0 goal.proof        15ms LemmaSledge.mult_assoc_4 8:361  
1.sledgehammer goal.proof     279548ms LemmaSledge.mult_assoc_4 8:361  timeout (SH 279547ms) [cvc5]: Timed out
1.sledgehammer finalize   Total number of sledgehammer calls: 1
1.sledgehammer finalize   Number of successful sledgehammer calls: 0
1.sledgehammer finalize   Number of sledgehammer lemmas: 0
1.sledgehammer finalize   Max number of sledgehammer lemmas: 0
1.sledgehammer finalize   Success rate: 0%
1.sledgehammer finalize   Total number of nontrivial sledgehammer calls: 1
1.sledgehammer finalize   Number of successful nontrivial sledgehammer calls: 0
1.sledgehammer finalize   Total time for sledgehammer calls (Isabelle): 279.547
1.sledgehammer finalize   Total time for successful sledgehammer calls (ATP): 0.000
1.sledgehammer finalize   Average time for sledgehammer calls (Isabelle): 279.547
1.sledgehammer finalize   Average time for successful sledgehammer calls (ATP): 0.000
1.sledgehammer initialize Params for sledgehammer: {abduce = SOME 0, cache_dir = NONE, compress = NONE, debug = false, expect =
1.sledgehammer initialize  "", fact_filter = NONE, fact_thresholds = (0.45, 0.85), falsify =
1.sledgehammer initialize  SOME false, induction_rules = NONE, instantiate = NONE, isar_proofs = NONE,
1.sledgehammer initialize  lam_trans = NONE, learn = true, max_facts = NONE, max_mono_iters = NONE,
1.sledgehammer initialize  max_new_mono_instances = NONE, max_proofs = 4, minimize = true, overlord =
1.sledgehammer initialize  false, preplay_timeout = 1.000, provers =
1.sledgehammer initialize  ["cvc5", "cvc5_proof", "verit", "z3", "e", "spass", "vampire",
1.sledgehammer initialize   "zipperposition"],
1.sledgehammer initialize  slices = 96, smt_proofs = true, spy = false, strict = false, timeout =
1.sledgehammer initialize  300.000, try0 = true, type_enc = NONE, uncurried_aliases = NONE, verbose =
1.sledgehammer initialize  false}
0.try0 goal.proof         7ms LemmaSledge.left_shift_add_1 8:380  
1.sledgehammer goal.proof     278722ms LemmaSledge.left_shift_add_1 8:380  timeout (SH 278722ms) [cvc5]: Timed out
1.sledgehammer finalize   Total number of sledgehammer calls: 1
1.sledgehammer finalize   Number of successful sledgehammer calls: 0
1.sledgehammer finalize   Number of sledgehammer lemmas: 0
1.sledgehammer finalize   Max number of sledgehammer lemmas: 0
1.sledgehammer finalize   Success rate: 0%
1.sledgehammer finalize   Total number of nontrivial sledgehammer calls: 1
1.sledgehammer finalize   Number of successful nontrivial sledgehammer calls: 0
1.sledgehammer finalize   Total time for sledgehammer calls (Isabelle): 278.722
1.sledgehammer finalize   Total time for successful sledgehammer calls (ATP): 0.000
1.sledgehammer finalize   Average time for sledgehammer calls (Isabelle): 278.722
1.sledgehammer finalize   Average time for successful sledgehammer calls (ATP): 0.000
1.sledgehammer initialize Params for sledgehammer: {abduce = SOME 0, cache_dir = NONE, compress = NONE, debug = false, expect =
1.sledgehammer initialize  "", fact_filter = NONE, fact_thresholds = (0.45, 0.85), falsify =
1.sledgehammer initialize  SOME false, induction_rules = NONE, instantiate = NONE, isar_proofs = NONE,
1.sledgehammer initialize  lam_trans = NONE, learn = true, max_facts = NONE, max_mono_iters = NONE,
1.sledgehammer initialize  max_new_mono_instances = NONE, max_proofs = 4, minimize = true, overlord =
1.sledgehammer initialize  false, preplay_timeout = 1.000, provers =
1.sledgehammer initialize  ["cvc5", "cvc5_proof", "verit", "z3", "e", "spass", "vampire",
1.sledgehammer initialize   "zipperposition"],
1.sledgehammer initialize  slices = 96, smt_proofs = true, spy = false, strict = false, timeout =
1.sledgehammer initialize  300.000, try0 = true, type_enc = NONE, uncurried_aliases = NONE, verbose =
1.sledgehammer initialize  false}
0.try0 goal.proof         5ms LemmaSledge.mult_sum_same 8:366  
1.sledgehammer goal.proof     280481ms LemmaSledge.mult_sum_same 8:366  timeout (SH 280471ms) [cvc5]: Timed out
1.sledgehammer finalize   Total number of sledgehammer calls: 1
1.sledgehammer finalize   Number of successful sledgehammer calls: 0
1.sledgehammer finalize   Number of sledgehammer lemmas: 0
1.sledgehammer finalize   Max number of sledgehammer lemmas: 0
1.sledgehammer finalize   Success rate: 0%
1.sledgehammer finalize   Total number of nontrivial sledgehammer calls: 1
1.sledgehammer finalize   Number of successful nontrivial sledgehammer calls: 0
1.sledgehammer finalize   Total time for sledgehammer calls (Isabelle): 280.471
1.sledgehammer finalize   Total time for successful sledgehammer calls (ATP): 0.000
1.sledgehammer finalize   Average time for sledgehammer calls (Isabelle): 280.471
1.sledgehammer finalize   Average time for successful sledgehammer calls (ATP): 0.000
1.sledgehammer initialize Params for sledgehammer: {abduce = SOME 0, cache_dir = NONE, compress = NONE, debug = false, expect =
1.sledgehammer initialize  "", fact_filter = NONE, fact_thresholds = (0.45, 0.85), falsify =
1.sledgehammer initialize  SOME false, induction_rules = NONE, instantiate = NONE, isar_proofs = NONE,
1.sledgehammer initialize  lam_trans = NONE, learn = true, max_facts = NONE, max_mono_iters = NONE,
1.sledgehammer initialize  max_new_mono_instances = NONE, max_proofs = 4, minimize = true, overlord =
1.sledgehammer initialize  false, preplay_timeout = 1.000, provers =
1.sledgehammer initialize  ["cvc5", "cvc5_proof", "verit", "z3", "e", "spass", "vampire",
1.sledgehammer initialize   "zipperposition"],
1.sledgehammer initialize  slices = 96, smt_proofs = true, spy = false, strict = false, timeout =
1.sledgehammer initialize  300.000, try0 = true, type_enc = NONE, uncurried_aliases = NONE, verbose =
1.sledgehammer initialize  false}
0.try0 goal.proof         6ms LemmaSledge.merge_left_shift 8:373  
1.sledgehammer goal.proof     278650ms LemmaSledge.merge_left_shift 8:373  timeout (SH 278650ms) [cvc5]: Timed out
1.sledgehammer finalize   Total number of sledgehammer calls: 1
1.sledgehammer finalize   Number of successful sledgehammer calls: 0
1.sledgehammer finalize   Number of sledgehammer lemmas: 0
1.sledgehammer finalize   Max number of sledgehammer lemmas: 0
1.sledgehammer finalize   Success rate: 0%
1.sledgehammer finalize   Total number of nontrivial sledgehammer calls: 1
1.sledgehammer finalize   Number of successful nontrivial sledgehammer calls: 0
1.sledgehammer finalize   Total time for sledgehammer calls (Isabelle): 278.650
1.sledgehammer finalize   Total time for successful sledgehammer calls (ATP): 0.000
1.sledgehammer finalize   Average time for sledgehammer calls (Isabelle): 278.650
1.sledgehammer finalize   Average time for successful sledgehammer calls (ATP): 0.000
1.sledgehammer initialize Params for sledgehammer: {abduce = SOME 0, cache_dir = NONE, compress = NONE, debug = false, expect =
1.sledgehammer initialize  "", fact_filter = NONE, fact_thresholds = (0.45, 0.85), falsify =
1.sledgehammer initialize  SOME false, induction_rules = NONE, instantiate = NONE, isar_proofs = NONE,
1.sledgehammer initialize  lam_trans = NONE, learn = true, max_facts = NONE, max_mono_iters = NONE,
1.sledgehammer initialize  max_new_mono_instances = NONE, max_proofs = 4, minimize = true, overlord =
1.sledgehammer initialize  false, preplay_timeout = 1.000, provers =
1.sledgehammer initialize  ["cvc5", "cvc5_proof", "verit", "z3", "e", "spass", "vampire",
1.sledgehammer initialize   "zipperposition"],
1.sledgehammer initialize  slices = 96, smt_proofs = true, spy = false, strict = false, timeout =
1.sledgehammer initialize  300.000, try0 = true, type_enc = NONE, uncurried_aliases = NONE, verbose =
1.sledgehammer initialize  false}
0.try0 goal.proof         5ms LemmaSledge.add_zero 8:183  
1.sledgehammer goal.proof     277229ms LemmaSledge.add_zero 8:183  timeout (SH 277229ms) [cvc5]: Timed out
1.sledgehammer finalize   Total number of sledgehammer calls: 1
1.sledgehammer finalize   Number of successful sledgehammer calls: 0
1.sledgehammer finalize   Number of sledgehammer lemmas: 0
1.sledgehammer finalize   Max number of sledgehammer lemmas: 0
1.sledgehammer finalize   Success rate: 0%
1.sledgehammer finalize   Total number of nontrivial sledgehammer calls: 1
1.sledgehammer finalize   Number of successful nontrivial sledgehammer calls: 0
1.sledgehammer finalize   Total time for sledgehammer calls (Isabelle): 277.229
1.sledgehammer finalize   Total time for successful sledgehammer calls (ATP): 0.000
1.sledgehammer finalize   Average time for sledgehammer calls (Isabelle): 277.229
1.sledgehammer finalize   Average time for successful sledgehammer calls (ATP): 0.000
1.sledgehammer initialize Params for sledgehammer: {abduce = SOME 0, cache_dir = NONE, compress = NONE, debug = false, expect =
1.sledgehammer initialize  "", fact_filter = NONE, fact_thresholds = (0.45, 0.85), falsify =
1.sledgehammer initialize  SOME false, induction_rules = NONE, instantiate = NONE, isar_proofs = NONE,
1.sledgehammer initialize  lam_trans = NONE, learn = true, max_facts = NONE, max_mono_iters = NONE,
1.sledgehammer initialize  max_new_mono_instances = NONE, max_proofs = 4, minimize = true, overlord =
1.sledgehammer initialize  false, preplay_timeout = 1.000, provers =
1.sledgehammer initialize  ["cvc5", "cvc5_proof", "verit", "z3", "e", "spass", "vampire",
1.sledgehammer initialize   "zipperposition"],
1.sledgehammer initialize  slices = 96, smt_proofs = true, spy = false, strict = false, timeout =
1.sledgehammer initialize  300.000, try0 = true, type_enc = NONE, uncurried_aliases = NONE, verbose =
1.sledgehammer initialize  false}
0.try0 goal.proof         6ms LemmaSledge.mult_assoc_1 8:349  
1.sledgehammer goal.proof     277232ms LemmaSledge.mult_assoc_1 8:349  timeout (SH 277232ms) [cvc5]: Timed out
1.sledgehammer finalize   Total number of sledgehammer calls: 1
1.sledgehammer finalize   Number of successful sledgehammer calls: 0
1.sledgehammer finalize   Number of sledgehammer lemmas: 0
1.sledgehammer finalize   Max number of sledgehammer lemmas: 0
1.sledgehammer finalize   Success rate: 0%
1.sledgehammer finalize   Total number of nontrivial sledgehammer calls: 1
1.sledgehammer finalize   Number of successful nontrivial sledgehammer calls: 0
1.sledgehammer finalize   Total time for sledgehammer calls (Isabelle): 277.232
1.sledgehammer finalize   Total time for successful sledgehammer calls (ATP): 0.000
1.sledgehammer finalize   Average time for sledgehammer calls (Isabelle): 277.232
1.sledgehammer finalize   Average time for successful sledgehammer calls (ATP): 0.000
1.sledgehammer initialize Params for sledgehammer: {abduce = SOME 0, cache_dir = NONE, compress = NONE, debug = false, expect =
1.sledgehammer initialize  "", fact_filter = NONE, fact_thresholds = (0.45, 0.85), falsify =
1.sledgehammer initialize  SOME false, induction_rules = NONE, instantiate = NONE, isar_proofs = NONE,
1.sledgehammer initialize  lam_trans = NONE, learn = true, max_facts = NONE, max_mono_iters = NONE,
1.sledgehammer initialize  max_new_mono_instances = NONE, max_proofs = 4, minimize = true, overlord =
1.sledgehammer initialize  false, preplay_timeout = 1.000, provers =
1.sledgehammer initialize  ["cvc5", "cvc5_proof", "verit", "z3", "e", "spass", "vampire",
1.sledgehammer initialize   "zipperposition"],
1.sledgehammer initialize  slices = 96, smt_proofs = true, spy = false, strict = false, timeout =
1.sledgehammer initialize  300.000, try0 = true, type_enc = NONE, uncurried_aliases = NONE, verbose =
1.sledgehammer initialize  false}
0.try0 goal.proof         5ms LemmaSledge.mult_assoc_2 8:355  
1.sledgehammer goal.proof     278235ms LemmaSledge.mult_assoc_2 8:355  timeout (SH 278235ms) [cvc5]: Timed out
1.sledgehammer finalize   Total number of sledgehammer calls: 1
1.sledgehammer finalize   Number of successful sledgehammer calls: 0
1.sledgehammer finalize   Number of sledgehammer lemmas: 0
1.sledgehammer finalize   Max number of sledgehammer lemmas: 0
1.sledgehammer finalize   Success rate: 0%
1.sledgehammer finalize   Total number of nontrivial sledgehammer calls: 1
1.sledgehammer finalize   Number of successful nontrivial sledgehammer calls: 0
1.sledgehammer finalize   Total time for sledgehammer calls (Isabelle): 278.235
1.sledgehammer finalize   Total time for successful sledgehammer calls (ATP): 0.000
1.sledgehammer finalize   Average time for sledgehammer calls (Isabelle): 278.235
1.sledgehammer finalize   Average time for successful sledgehammer calls (ATP): 0.000
1.sledgehammer initialize Params for sledgehammer: {abduce = SOME 0, cache_dir = NONE, compress = NONE, debug = false, expect =
1.sledgehammer initialize  "", fact_filter = NONE, fact_thresholds = (0.45, 0.85), falsify =
1.sledgehammer initialize  SOME false, induction_rules = NONE, instantiate = NONE, isar_proofs = NONE,
1.sledgehammer initialize  lam_trans = NONE, learn = true, max_facts = NONE, max_mono_iters = NONE,
1.sledgehammer initialize  max_new_mono_instances = NONE, max_proofs = 4, minimize = true, overlord =
1.sledgehammer initialize  false, preplay_timeout = 1.000, provers =
1.sledgehammer initialize  ["cvc5", "cvc5_proof", "verit", "z3", "e", "spass", "vampire",
1.sledgehammer initialize   "zipperposition"],
1.sledgehammer initialize  slices = 96, smt_proofs = true, spy = false, strict = false, timeout =
1.sledgehammer initialize  300.000, try0 = true, type_enc = NONE, uncurried_aliases = NONE, verbose =
1.sledgehammer initialize  false}
0.try0 goal.proof         5ms LemmaSledge.add_assoc_4 8:373  
1.sledgehammer goal.proof     278357ms LemmaSledge.add_assoc_4 8:373  timeout (SH 278357ms) [cvc5]: Timed out
1.sledgehammer finalize   Total number of sledgehammer calls: 1
1.sledgehammer finalize   Number of successful sledgehammer calls: 0
1.sledgehammer finalize   Number of sledgehammer lemmas: 0
1.sledgehammer finalize   Max number of sledgehammer lemmas: 0
1.sledgehammer finalize   Success rate: 0%
1.sledgehammer finalize   Total number of nontrivial sledgehammer calls: 1
1.sledgehammer finalize   Number of successful nontrivial sledgehammer calls: 0
1.sledgehammer finalize   Total time for sledgehammer calls (Isabelle): 278.357
1.sledgehammer finalize   Total time for successful sledgehammer calls (ATP): 0.000
1.sledgehammer finalize   Average time for sledgehammer calls (Isabelle): 278.357
1.sledgehammer finalize   Average time for successful sledgehammer calls (ATP): 0.000
1.sledgehammer initialize Params for sledgehammer: {abduce = SOME 0, cache_dir = NONE, compress = NONE, debug = false, expect =
1.sledgehammer initialize  "", fact_filter = NONE, fact_thresholds = (0.45, 0.85), falsify =
1.sledgehammer initialize  SOME false, induction_rules = NONE, instantiate = NONE, isar_proofs = NONE,
1.sledgehammer initialize  lam_trans = NONE, learn = true, max_facts = NONE, max_mono_iters = NONE,
1.sledgehammer initialize  max_new_mono_instances = NONE, max_proofs = 4, minimize = true, overlord =
1.sledgehammer initialize  false, preplay_timeout = 1.000, provers =
1.sledgehammer initialize  ["cvc5", "cvc5_proof", "verit", "z3", "e", "spass", "vampire",
1.sledgehammer initialize   "zipperposition"],
1.sledgehammer initialize  slices = 96, smt_proofs = true, spy = false, strict = false, timeout =
1.sledgehammer initialize  300.000, try0 = true, type_enc = NONE, uncurried_aliases = NONE, verbose =
1.sledgehammer initialize  false}
0.try0 goal.proof         7ms LemmaSledge.left_shift_mult 8:357  
1.sledgehammer goal.proof     278269ms LemmaSledge.left_shift_mult 8:357  timeout (SH 278269ms) [cvc5]: Timed out
1.sledgehammer finalize   Total number of sledgehammer calls: 1
1.sledgehammer finalize   Number of successful sledgehammer calls: 0
1.sledgehammer finalize   Number of sledgehammer lemmas: 0
1.sledgehammer finalize   Max number of sledgehammer lemmas: 0
1.sledgehammer finalize   Success rate: 0%
1.sledgehammer finalize   Total number of nontrivial sledgehammer calls: 1
1.sledgehammer finalize   Number of successful nontrivial sledgehammer calls: 0
1.sledgehammer finalize   Total time for sledgehammer calls (Isabelle): 278.269
1.sledgehammer finalize   Total time for successful sledgehammer calls (ATP): 0.000
1.sledgehammer finalize   Average time for sledgehammer calls (Isabelle): 278.269
1.sledgehammer finalize   Average time for successful sledgehammer calls (ATP): 0.000
1.sledgehammer initialize Params for sledgehammer: {abduce = SOME 0, cache_dir = NONE, compress = NONE, debug = false, expect =
1.sledgehammer initialize  "", fact_filter = NONE, fact_thresholds = (0.45, 0.85), falsify =
1.sledgehammer initialize  SOME false, induction_rules = NONE, instantiate = NONE, isar_proofs = NONE,
1.sledgehammer initialize  lam_trans = NONE, learn = true, max_facts = NONE, max_mono_iters = NONE,
1.sledgehammer initialize  max_new_mono_instances = NONE, max_proofs = 4, minimize = true, overlord =
1.sledgehammer initialize  false, preplay_timeout = 1.000, provers =
1.sledgehammer initialize  ["cvc5", "cvc5_proof", "verit", "z3", "e", "spass", "vampire",
1.sledgehammer initialize   "zipperposition"],
1.sledgehammer initialize  slices = 96, smt_proofs = true, spy = false, strict = false, timeout =
1.sledgehammer initialize  300.000, try0 = true, type_enc = NONE, uncurried_aliases = NONE, verbose =
1.sledgehammer initialize  false}
0.try0 goal.proof         7ms LemmaSledge.add_right_shift 8:440  
1.sledgehammer goal.proof     278169ms LemmaSledge.add_right_shift 8:440  timeout (SH 278169ms) [cvc5]: Timed out
1.sledgehammer finalize   Total number of sledgehammer calls: 1
1.sledgehammer finalize   Number of successful sledgehammer calls: 0
1.sledgehammer finalize   Number of sledgehammer lemmas: 0
1.sledgehammer finalize   Max number of sledgehammer lemmas: 0
1.sledgehammer finalize   Success rate: 0%
1.sledgehammer finalize   Total number of nontrivial sledgehammer calls: 1
1.sledgehammer finalize   Number of successful nontrivial sledgehammer calls: 0
1.sledgehammer finalize   Total time for sledgehammer calls (Isabelle): 278.169
1.sledgehammer finalize   Total time for successful sledgehammer calls (ATP): 0.000
1.sledgehammer finalize   Average time for sledgehammer calls (Isabelle): 278.169
1.sledgehammer finalize   Average time for successful sledgehammer calls (ATP): 0.000
1.sledgehammer initialize Params for sledgehammer: {abduce = SOME 0, cache_dir = NONE, compress = NONE, debug = false, expect =
1.sledgehammer initialize  "", fact_filter = NONE, fact_thresholds = (0.45, 0.85), falsify =
1.sledgehammer initialize  SOME false, induction_rules = NONE, instantiate = NONE, isar_proofs = NONE,
1.sledgehammer initialize  lam_trans = NONE, learn = true, max_facts = NONE, max_mono_iters = NONE,
1.sledgehammer initialize  max_new_mono_instances = NONE, max_proofs = 4, minimize = true, overlord =
1.sledgehammer initialize  false, preplay_timeout = 1.000, provers =
1.sledgehammer initialize  ["cvc5", "cvc5_proof", "verit", "z3", "e", "spass", "vampire",
1.sledgehammer initialize   "zipperposition"],
1.sledgehammer initialize  slices = 96, smt_proofs = true, spy = false, strict = false, timeout =
1.sledgehammer initialize  300.000, try0 = true, type_enc = NONE, uncurried_aliases = NONE, verbose =
1.sledgehammer initialize  false}
0.try0 goal.proof         9ms LemmaSledge.dist_over_add 8:379  
1.sledgehammer goal.proof     278310ms LemmaSledge.dist_over_add 8:379  timeout (SH 278310ms) [cvc5]: Timed out
1.sledgehammer finalize   Total number of sledgehammer calls: 1
1.sledgehammer finalize   Number of successful sledgehammer calls: 0
1.sledgehammer finalize   Number of sledgehammer lemmas: 0
1.sledgehammer finalize   Max number of sledgehammer lemmas: 0
1.sledgehammer finalize   Success rate: 0%
1.sledgehammer finalize   Total number of nontrivial sledgehammer calls: 1
1.sledgehammer finalize   Number of successful nontrivial sledgehammer calls: 0
1.sledgehammer finalize   Total time for sledgehammer calls (Isabelle): 278.310
1.sledgehammer finalize   Total time for successful sledgehammer calls (ATP): 0.000
1.sledgehammer finalize   Average time for sledgehammer calls (Isabelle): 278.310
1.sledgehammer finalize   Average time for successful sledgehammer calls (ATP): 0.000
1.sledgehammer initialize Params for sledgehammer: {abduce = SOME 0, cache_dir = NONE, compress = NONE, debug = false, expect =
1.sledgehammer initialize  "", fact_filter = NONE, fact_thresholds = (0.45, 0.85), falsify =
1.sledgehammer initialize  SOME false, induction_rules = NONE, instantiate = NONE, isar_proofs = NONE,
1.sledgehammer initialize  lam_trans = NONE, learn = true, max_facts = NONE, max_mono_iters = NONE,
1.sledgehammer initialize  max_new_mono_instances = NONE, max_proofs = 4, minimize = true, overlord =
1.sledgehammer initialize  false, preplay_timeout = 1.000, provers =
1.sledgehammer initialize  ["cvc5", "cvc5_proof", "verit", "z3", "e", "spass", "vampire",
1.sledgehammer initialize   "zipperposition"],
1.sledgehammer initialize  slices = 96, smt_proofs = true, spy = false, strict = false, timeout =
1.sledgehammer initialize  300.000, try0 = true, type_enc = NONE, uncurried_aliases = NONE, verbose =
1.sledgehammer initialize  false}
0.try0 goal.proof        13ms LemmaSledge.one_to_two_mult 8:299  
1.sledgehammer goal.proof     277948ms LemmaSledge.one_to_two_mult 8:299  timeout (SH 277948ms) [cvc5]: Timed out
1.sledgehammer finalize   Total number of sledgehammer calls: 1
1.sledgehammer finalize   Number of successful sledgehammer calls: 0
1.sledgehammer finalize   Number of sledgehammer lemmas: 0
1.sledgehammer finalize   Max number of sledgehammer lemmas: 0
1.sledgehammer finalize   Success rate: 0%
1.sledgehammer finalize   Total number of nontrivial sledgehammer calls: 1
1.sledgehammer finalize   Number of successful nontrivial sledgehammer calls: 0
1.sledgehammer finalize   Total time for sledgehammer calls (Isabelle): 277.948
1.sledgehammer finalize   Total time for successful sledgehammer calls (ATP): 0.000
1.sledgehammer finalize   Average time for sledgehammer calls (Isabelle): 277.948
1.sledgehammer finalize   Average time for successful sledgehammer calls (ATP): 0.000
1.sledgehammer initialize Params for sledgehammer: {abduce = SOME 0, cache_dir = NONE, compress = NONE, debug = false, expect =
1.sledgehammer initialize  "", fact_filter = NONE, fact_thresholds = (0.45, 0.85), falsify =
1.sledgehammer initialize  SOME false, induction_rules = NONE, instantiate = NONE, isar_proofs = NONE,
1.sledgehammer initialize  lam_trans = NONE, learn = true, max_facts = NONE, max_mono_iters = NONE,
1.sledgehammer initialize  max_new_mono_instances = NONE, max_proofs = 4, minimize = true, overlord =
1.sledgehammer initialize  false, preplay_timeout = 1.000, provers =
1.sledgehammer initialize  ["cvc5", "cvc5_proof", "verit", "z3", "e", "spass", "vampire",
1.sledgehammer initialize   "zipperposition"],
1.sledgehammer initialize  slices = 96, smt_proofs = true, spy = false, strict = false, timeout =
1.sledgehammer initialize  300.000, try0 = true, type_enc = NONE, uncurried_aliases = NONE, verbose =
1.sledgehammer initialize  false}
0.try0 goal.proof         7ms LemmaSledge.mul_one 8:181  
1.sledgehammer goal.proof     278545ms LemmaSledge.mul_one 8:181  timeout (SH 278544ms) [cvc5]: Timed out
1.sledgehammer finalize   Total number of sledgehammer calls: 1
1.sledgehammer finalize   Number of successful sledgehammer calls: 0
1.sledgehammer finalize   Number of sledgehammer lemmas: 0
1.sledgehammer finalize   Max number of sledgehammer lemmas: 0
1.sledgehammer finalize   Success rate: 0%
1.sledgehammer finalize   Total number of nontrivial sledgehammer calls: 1
1.sledgehammer finalize   Number of successful nontrivial sledgehammer calls: 0
1.sledgehammer finalize   Total time for sledgehammer calls (Isabelle): 278.544
1.sledgehammer finalize   Total time for successful sledgehammer calls (ATP): 0.000
1.sledgehammer finalize   Average time for sledgehammer calls (Isabelle): 278.544
1.sledgehammer finalize   Average time for successful sledgehammer calls (ATP): 0.000
1.sledgehammer initialize Params for sledgehammer: {abduce = SOME 0, cache_dir = NONE, compress = NONE, debug = false, expect =
1.sledgehammer initialize  "", fact_filter = NONE, fact_thresholds = (0.45, 0.85), falsify =
1.sledgehammer initialize  SOME false, induction_rules = NONE, instantiate = NONE, isar_proofs = NONE,
1.sledgehammer initialize  lam_trans = NONE, learn = true, max_facts = NONE, max_mono_iters = NONE,
1.sledgehammer initialize  max_new_mono_instances = NONE, max_proofs = 4, minimize = true, overlord =
1.sledgehammer initialize  false, preplay_timeout = 1.000, provers =
1.sledgehammer initialize  ["cvc5", "cvc5_proof", "verit", "z3", "e", "spass", "vampire",
1.sledgehammer initialize   "zipperposition"],
1.sledgehammer initialize  slices = 96, smt_proofs = true, spy = false, strict = false, timeout =
1.sledgehammer initialize  300.000, try0 = true, type_enc = NONE, uncurried_aliases = NONE, verbose =
1.sledgehammer initialize  false}
0.try0 goal.proof        10ms LemmaSledge.sub_to_neg 8:229  succeeded
1.sledgehammer goal.proof      2388ms LemmaSledge.sub_to_neg 8:229  some (SH 2388ms, ATP 144ms) [cvc5]: Try this: by simp (0.5 ms)
1.sledgehammer finalize   Total number of sledgehammer calls: 1
1.sledgehammer finalize   Number of successful sledgehammer calls: 1
1.sledgehammer finalize   Number of sledgehammer lemmas: 0
1.sledgehammer finalize   Max number of sledgehammer lemmas: 0
1.sledgehammer finalize   Success rate: 100%
1.sledgehammer finalize   Total number of nontrivial sledgehammer calls: 1
1.sledgehammer finalize   Number of successful nontrivial sledgehammer calls: 1
1.sledgehammer finalize   Total time for sledgehammer calls (Isabelle): 2.388
1.sledgehammer finalize   Total time for successful sledgehammer calls (ATP): 0.144
1.sledgehammer finalize   Average time for sledgehammer calls (Isabelle): 2.388
1.sledgehammer finalize   Average time for successful sledgehammer calls (ATP): 0.144
1.sledgehammer initialize Params for sledgehammer: {abduce = SOME 0, cache_dir = NONE, compress = NONE, debug = false, expect =
1.sledgehammer initialize  "", fact_filter = NONE, fact_thresholds = (0.45, 0.85), falsify =
1.sledgehammer initialize  SOME false, induction_rules = NONE, instantiate = NONE, isar_proofs = NONE,
1.sledgehammer initialize  lam_trans = NONE, learn = true, max_facts = NONE, max_mono_iters = NONE,
1.sledgehammer initialize  max_new_mono_instances = NONE, max_proofs = 4, minimize = true, overlord =
1.sledgehammer initialize  false, preplay_timeout = 1.000, provers =
1.sledgehammer initialize  ["cvc5", "cvc5_proof", "verit", "z3", "e", "spass", "vampire",
1.sledgehammer initialize   "zipperposition"],
1.sledgehammer initialize  slices = 96, smt_proofs = true, spy = false, strict = false, timeout =
1.sledgehammer initialize  300.000, try0 = true, type_enc = NONE, uncurried_aliases = NONE, verbose =
1.sledgehammer initialize  false}
0.try0 goal.proof         9ms LemmaSledge.add_assoc_2 8:360  
1.sledgehammer goal.proof     278187ms LemmaSledge.add_assoc_2 8:360  timeout (SH 278187ms) [cvc5]: Timed out
1.sledgehammer finalize   Total number of sledgehammer calls: 1
1.sledgehammer finalize   Number of successful sledgehammer calls: 0
1.sledgehammer finalize   Number of sledgehammer lemmas: 0
1.sledgehammer finalize   Max number of sledgehammer lemmas: 0
1.sledgehammer finalize   Success rate: 0%
1.sledgehammer finalize   Total number of nontrivial sledgehammer calls: 1
1.sledgehammer finalize   Number of successful nontrivial sledgehammer calls: 0
1.sledgehammer finalize   Total time for sledgehammer calls (Isabelle): 278.187
1.sledgehammer finalize   Total time for successful sledgehammer calls (ATP): 0.000
1.sledgehammer finalize   Average time for sledgehammer calls (Isabelle): 278.187
1.sledgehammer finalize   Average time for successful sledgehammer calls (ATP): 0.000
1.sledgehammer initialize Params for sledgehammer: {abduce = SOME 0, cache_dir = NONE, compress = NONE, debug = false, expect =
1.sledgehammer initialize  "", fact_filter = NONE, fact_thresholds = (0.45, 0.85), falsify =
1.sledgehammer initialize  SOME false, induction_rules = NONE, instantiate = NONE, isar_proofs = NONE,
1.sledgehammer initialize  lam_trans = NONE, learn = true, max_facts = NONE, max_mono_iters = NONE,
1.sledgehammer initialize  max_new_mono_instances = NONE, max_proofs = 4, minimize = true, overlord =
1.sledgehammer initialize  false, preplay_timeout = 1.000, provers =
1.sledgehammer initialize  ["cvc5", "cvc5_proof", "verit", "z3", "e", "spass", "vampire",
1.sledgehammer initialize   "zipperposition"],
1.sledgehammer initialize  slices = 96, smt_proofs = true, spy = false, strict = false, timeout =
1.sledgehammer initialize  300.000, try0 = true, type_enc = NONE, uncurried_aliases = NONE, verbose =
1.sledgehammer initialize  false}
0.try0 goal.proof         9ms LemmaSledge.add_assoc_1 8:347  
1.sledgehammer goal.proof     278090ms LemmaSledge.add_assoc_1 8:347  timeout (SH 278090ms) [cvc5]: Timed out
1.sledgehammer finalize   Total number of sledgehammer calls: 1
1.sledgehammer finalize   Number of successful sledgehammer calls: 0
1.sledgehammer finalize   Number of sledgehammer lemmas: 0
1.sledgehammer finalize   Max number of sledgehammer lemmas: 0
1.sledgehammer finalize   Success rate: 0%
1.sledgehammer finalize   Total number of nontrivial sledgehammer calls: 1
1.sledgehammer finalize   Number of successful nontrivial sledgehammer calls: 0
1.sledgehammer finalize   Total time for sledgehammer calls (Isabelle): 278.090
1.sledgehammer finalize   Total time for successful sledgehammer calls (ATP): 0.000
1.sledgehammer finalize   Average time for sledgehammer calls (Isabelle): 278.090
1.sledgehammer finalize   Average time for successful sledgehammer calls (ATP): 0.000
1.sledgehammer initialize Params for sledgehammer: {abduce = SOME 0, cache_dir = NONE, compress = NONE, debug = false, expect =
1.sledgehammer initialize  "", fact_filter = NONE, fact_thresholds = (0.45, 0.85), falsify =
1.sledgehammer initialize  SOME false, induction_rules = NONE, instantiate = NONE, isar_proofs = NONE,
1.sledgehammer initialize  lam_trans = NONE, learn = true, max_facts = NONE, max_mono_iters = NONE,
1.sledgehammer initialize  max_new_mono_instances = NONE, max_proofs = 4, minimize = true, overlord =
1.sledgehammer initialize  false, preplay_timeout = 1.000, provers =
1.sledgehammer initialize  ["cvc5", "cvc5_proof", "verit", "z3", "e", "spass", "vampire",
1.sledgehammer initialize   "zipperposition"],
1.sledgehammer initialize  slices = 96, smt_proofs = true, spy = false, strict = false, timeout =
1.sledgehammer initialize  300.000, try0 = true, type_enc = NONE, uncurried_aliases = NONE, verbose =
1.sledgehammer initialize  false}
0.try0 goal.proof         8ms LemmaSledge.mult_assoc_3 8:355  
1.sledgehammer goal.proof     278141ms LemmaSledge.mult_assoc_3 8:355  timeout (SH 278141ms) [cvc5]: Timed out
1.sledgehammer finalize   Total number of sledgehammer calls: 1
1.sledgehammer finalize   Number of successful sledgehammer calls: 0
1.sledgehammer finalize   Number of sledgehammer lemmas: 0
1.sledgehammer finalize   Max number of sledgehammer lemmas: 0
1.sledgehammer finalize   Success rate: 0%
1.sledgehammer finalize   Total number of nontrivial sledgehammer calls: 1
1.sledgehammer finalize   Number of successful nontrivial sledgehammer calls: 0
1.sledgehammer finalize   Total time for sledgehammer calls (Isabelle): 278.141
1.sledgehammer finalize   Total time for successful sledgehammer calls (ATP): 0.000
1.sledgehammer finalize   Average time for sledgehammer calls (Isabelle): 278.141
1.sledgehammer finalize   Average time for successful sledgehammer calls (ATP): 0.000
1.sledgehammer initialize Params for sledgehammer: {abduce = SOME 0, cache_dir = NONE, compress = NONE, debug = false, expect =
1.sledgehammer initialize  "", fact_filter = NONE, fact_thresholds = (0.45, 0.85), falsify =
1.sledgehammer initialize  SOME false, induction_rules = NONE, instantiate = NONE, isar_proofs = NONE,
1.sledgehammer initialize  lam_trans = NONE, learn = true, max_facts = NONE, max_mono_iters = NONE,
1.sledgehammer initialize  max_new_mono_instances = NONE, max_proofs = 4, minimize = true, overlord =
1.sledgehammer initialize  false, preplay_timeout = 1.000, provers =
1.sledgehammer initialize  ["cvc5", "cvc5_proof", "verit", "z3", "e", "spass", "vampire",
1.sledgehammer initialize   "zipperposition"],
1.sledgehammer initialize  slices = 96, smt_proofs = true, spy = false, strict = false, timeout =
1.sledgehammer initialize  300.000, try0 = true, type_enc = NONE, uncurried_aliases = NONE, verbose =
1.sledgehammer initialize  false}
0.try0 goal.proof         7ms LemmaSledge.commutativity_add 8:239  
1.sledgehammer goal.proof      1567ms LemmaSledge.commutativity_add 8:239  some (SH 1567ms, ATP 192ms) [cvc5]: Try this: by (smt (verit, del_insts)) (89 ms)
1.sledgehammer finalize   Total number of sledgehammer calls: 1
1.sledgehammer finalize   Number of successful sledgehammer calls: 1
1.sledgehammer finalize   Number of sledgehammer lemmas: 0
1.sledgehammer finalize   Max number of sledgehammer lemmas: 0
1.sledgehammer finalize   Success rate: 100%
1.sledgehammer finalize   Total number of nontrivial sledgehammer calls: 1
1.sledgehammer finalize   Number of successful nontrivial sledgehammer calls: 1
1.sledgehammer finalize   Total time for sledgehammer calls (Isabelle): 1.567
1.sledgehammer finalize   Total time for successful sledgehammer calls (ATP): 0.192
1.sledgehammer finalize   Average time for sledgehammer calls (Isabelle): 1.567
1.sledgehammer finalize   Average time for successful sledgehammer calls (ATP): 0.192
1.sledgehammer initialize Params for sledgehammer: {abduce = SOME 0, cache_dir = NONE, compress = NONE, debug = false, expect =
1.sledgehammer initialize  "", fact_filter = NONE, fact_thresholds = (0.45, 0.85), falsify =
1.sledgehammer initialize  SOME false, induction_rules = NONE, instantiate = NONE, isar_proofs = NONE,
1.sledgehammer initialize  lam_trans = NONE, learn = true, max_facts = NONE, max_mono_iters = NONE,
1.sledgehammer initialize  max_new_mono_instances = NONE, max_proofs = 4, minimize = true, overlord =
1.sledgehammer initialize  false, preplay_timeout = 1.000, provers =
1.sledgehammer initialize  ["cvc5", "cvc5_proof", "verit", "z3", "e", "spass", "vampire",
1.sledgehammer initialize   "zipperposition"],
1.sledgehammer initialize  slices = 96, smt_proofs = true, spy = false, strict = false, timeout =
1.sledgehammer initialize  300.000, try0 = true, type_enc = NONE, uncurried_aliases = NONE, verbose =
1.sledgehammer initialize  false}
0.try0 goal.proof        10ms LemmaSledge.sum_same 8:217  
1.sledgehammer goal.proof     277236ms LemmaSledge.sum_same 8:217  some (SH 277236ms, ATP 1364ms) [cvc5]: Try this: using bw_def by auto (19 ms)
1.sledgehammer finalize   Total number of sledgehammer calls: 1
1.sledgehammer finalize   Number of successful sledgehammer calls: 1
1.sledgehammer finalize   Number of sledgehammer lemmas: 13
1.sledgehammer finalize   Max number of sledgehammer lemmas: 13
1.sledgehammer finalize   Success rate: 100%
1.sledgehammer finalize   Total number of nontrivial sledgehammer calls: 1
1.sledgehammer finalize   Number of successful nontrivial sledgehammer calls: 1
1.sledgehammer finalize   Total time for sledgehammer calls (Isabelle): 277.236
1.sledgehammer finalize   Total time for successful sledgehammer calls (ATP): 1.364
1.sledgehammer finalize   Average time for sledgehammer calls (Isabelle): 277.236
1.sledgehammer finalize   Average time for successful sledgehammer calls (ATP): 1.364
1.sledgehammer initialize Params for sledgehammer: {abduce = SOME 0, cache_dir = NONE, compress = NONE, debug = false, expect =
1.sledgehammer initialize  "", fact_filter = NONE, fact_thresholds = (0.45, 0.85), falsify =
1.sledgehammer initialize  SOME false, induction_rules = NONE, instantiate = NONE, isar_proofs = NONE,
1.sledgehammer initialize  lam_trans = NONE, learn = true, max_facts = NONE, max_mono_iters = NONE,
1.sledgehammer initialize  max_new_mono_instances = NONE, max_proofs = 4, minimize = true, overlord =
1.sledgehammer initialize  false, preplay_timeout = 1.000, provers =
1.sledgehammer initialize  ["cvc5", "cvc5_proof", "verit", "z3", "e", "spass", "vampire",
1.sledgehammer initialize   "zipperposition"],
1.sledgehammer initialize  slices = 96, smt_proofs = true, spy = false, strict = false, timeout =
1.sledgehammer initialize  300.000, try0 = true, type_enc = NONE, uncurried_aliases = NONE, verbose =
1.sledgehammer initialize  false}
0.try0 goal.proof        13ms LemmaSledge.add_assoc_3 8:360  
1.sledgehammer goal.proof     278138ms LemmaSledge.add_assoc_3 8:360  timeout (SH 278138ms) [cvc5]: Timed out
1.sledgehammer finalize   Total number of sledgehammer calls: 1
1.sledgehammer finalize   Number of successful sledgehammer calls: 0
1.sledgehammer finalize   Number of sledgehammer lemmas: 0
1.sledgehammer finalize   Max number of sledgehammer lemmas: 0
1.sledgehammer finalize   Success rate: 0%
1.sledgehammer finalize   Total number of nontrivial sledgehammer calls: 1
1.sledgehammer finalize   Number of successful nontrivial sledgehammer calls: 0
1.sledgehammer finalize   Total time for sledgehammer calls (Isabelle): 278.138
1.sledgehammer finalize   Total time for successful sledgehammer calls (ATP): 0.000
1.sledgehammer finalize   Average time for sledgehammer calls (Isabelle): 278.138
1.sledgehammer finalize   Average time for successful sledgehammer calls (ATP): 0.000
