1.sledgehammer initialize Params for sledgehammer: {abduce = SOME 0, cache_dir = NONE, compress = NONE, debug = false, expect =
1.sledgehammer initialize  "", fact_filter = NONE, fact_thresholds = (0.45, 0.85), falsify =
1.sledgehammer initialize  SOME false, induction_rules = NONE, instantiate = NONE, isar_proofs = NONE,
1.sledgehammer initialize  lam_trans = NONE, learn = true, max_facts = NONE, max_mono_iters = NONE,
1.sledgehammer initialize  max_new_mono_instances = NONE, max_proofs = 4, minimize = true, overlord =
1.sledgehammer initialize  false, preplay_timeout = 1.000, provers =
1.sledgehammer initialize  ["cvc5", "cvc5_proof", "verit", "z3", "e", "spass", "vampire",
1.sledgehammer initialize   "zipperposition"],
1.sledgehammer initialize  slices = 96, smt_proofs = true, spy = false, strict = false, timeout =
1.sledgehammer initialize  300.000, try0 = true, type_enc = NONE, uncurried_aliases = NONE, verbose =
1.sledgehammer initialize  false}
0.try0 goal.proof         5ms LemmaSledge.AndOrXor_2063 8:299  
1.sledgehammer goal.proof     276948ms LemmaSledge.AndOrXor_2063 8:299  timeout (SH 276947ms) [cvc5]: Timed out
1.sledgehammer finalize   Total number of sledgehammer calls: 1
1.sledgehammer finalize   Number of successful sledgehammer calls: 0
1.sledgehammer finalize   Number of sledgehammer lemmas: 0
1.sledgehammer finalize   Max number of sledgehammer lemmas: 0
1.sledgehammer finalize   Success rate: 0%
1.sledgehammer finalize   Total number of nontrivial sledgehammer calls: 1
1.sledgehammer finalize   Number of successful nontrivial sledgehammer calls: 0
1.sledgehammer finalize   Total time for sledgehammer calls (Isabelle): 276.947
1.sledgehammer finalize   Total time for successful sledgehammer calls (ATP): 0.000
1.sledgehammer finalize   Average time for sledgehammer calls (Isabelle): 276.947
1.sledgehammer finalize   Average time for successful sledgehammer calls (ATP): 0.000
1.sledgehammer initialize Params for sledgehammer: {abduce = SOME 0, cache_dir = NONE, compress = NONE, debug = false, expect =
1.sledgehammer initialize  "", fact_filter = NONE, fact_thresholds = (0.45, 0.85), falsify =
1.sledgehammer initialize  SOME false, induction_rules = NONE, instantiate = NONE, isar_proofs = NONE,
1.sledgehammer initialize  lam_trans = NONE, learn = true, max_facts = NONE, max_mono_iters = NONE,
1.sledgehammer initialize  max_new_mono_instances = NONE, max_proofs = 4, minimize = true, overlord =
1.sledgehammer initialize  false, preplay_timeout = 1.000, provers =
1.sledgehammer initialize  ["cvc5", "cvc5_proof", "verit", "z3", "e", "spass", "vampire",
1.sledgehammer initialize   "zipperposition"],
1.sledgehammer initialize  slices = 96, smt_proofs = true, spy = false, strict = false, timeout =
1.sledgehammer initialize  300.000, try0 = true, type_enc = NONE, uncurried_aliases = NONE, verbose =
1.sledgehammer initialize  false}
0.try0 goal.proof         6ms LemmaSledge.AndOrXor_2429 8:303  
1.sledgehammer goal.proof     277876ms LemmaSledge.AndOrXor_2429 8:303  timeout (SH 277876ms) [cvc5]: Timed out
1.sledgehammer finalize   Total number of sledgehammer calls: 1
1.sledgehammer finalize   Number of successful sledgehammer calls: 0
1.sledgehammer finalize   Number of sledgehammer lemmas: 0
1.sledgehammer finalize   Max number of sledgehammer lemmas: 0
1.sledgehammer finalize   Success rate: 0%
1.sledgehammer finalize   Total number of nontrivial sledgehammer calls: 1
1.sledgehammer finalize   Number of successful nontrivial sledgehammer calls: 0
1.sledgehammer finalize   Total time for sledgehammer calls (Isabelle): 277.876
1.sledgehammer finalize   Total time for successful sledgehammer calls (ATP): 0.000
1.sledgehammer finalize   Average time for sledgehammer calls (Isabelle): 277.876
1.sledgehammer finalize   Average time for successful sledgehammer calls (ATP): 0.000
1.sledgehammer initialize Params for sledgehammer: {abduce = SOME 0, cache_dir = NONE, compress = NONE, debug = false, expect =
1.sledgehammer initialize  "", fact_filter = NONE, fact_thresholds = (0.45, 0.85), falsify =
1.sledgehammer initialize  SOME false, induction_rules = NONE, instantiate = NONE, isar_proofs = NONE,
1.sledgehammer initialize  lam_trans = NONE, learn = true, max_facts = NONE, max_mono_iters = NONE,
1.sledgehammer initialize  max_new_mono_instances = NONE, max_proofs = 4, minimize = true, overlord =
1.sledgehammer initialize  false, preplay_timeout = 1.000, provers =
1.sledgehammer initialize  ["cvc5", "cvc5_proof", "verit", "z3", "e", "spass", "vampire",
1.sledgehammer initialize   "zipperposition"],
1.sledgehammer initialize  slices = 96, smt_proofs = true, spy = false, strict = false, timeout =
1.sledgehammer initialize  300.000, try0 = true, type_enc = NONE, uncurried_aliases = NONE, verbose =
1.sledgehammer initialize  false}
0.try0 goal.proof         6ms LemmaSledge.AndOrXor_2284 8:302  
1.sledgehammer goal.proof     278043ms LemmaSledge.AndOrXor_2284 8:302  timeout (SH 278043ms) [cvc5]: Timed out
1.sledgehammer finalize   Total number of sledgehammer calls: 1
1.sledgehammer finalize   Number of successful sledgehammer calls: 0
1.sledgehammer finalize   Number of sledgehammer lemmas: 0
1.sledgehammer finalize   Max number of sledgehammer lemmas: 0
1.sledgehammer finalize   Success rate: 0%
1.sledgehammer finalize   Total number of nontrivial sledgehammer calls: 1
1.sledgehammer finalize   Number of successful nontrivial sledgehammer calls: 0
1.sledgehammer finalize   Total time for sledgehammer calls (Isabelle): 278.043
1.sledgehammer finalize   Total time for successful sledgehammer calls (ATP): 0.000
1.sledgehammer finalize   Average time for sledgehammer calls (Isabelle): 278.043
1.sledgehammer finalize   Average time for successful sledgehammer calls (ATP): 0.000
1.sledgehammer initialize Params for sledgehammer: {abduce = SOME 0, cache_dir = NONE, compress = NONE, debug = false, expect =
1.sledgehammer initialize  "", fact_filter = NONE, fact_thresholds = (0.45, 0.85), falsify =
1.sledgehammer initialize  SOME false, induction_rules = NONE, instantiate = NONE, isar_proofs = NONE,
1.sledgehammer initialize  lam_trans = NONE, learn = true, max_facts = NONE, max_mono_iters = NONE,
1.sledgehammer initialize  max_new_mono_instances = NONE, max_proofs = 4, minimize = true, overlord =
1.sledgehammer initialize  false, preplay_timeout = 1.000, provers =
1.sledgehammer initialize  ["cvc5", "cvc5_proof", "verit", "z3", "e", "spass", "vampire",
1.sledgehammer initialize   "zipperposition"],
1.sledgehammer initialize  slices = 96, smt_proofs = true, spy = false, strict = false, timeout =
1.sledgehammer initialize  300.000, try0 = true, type_enc = NONE, uncurried_aliases = NONE, verbose =
1.sledgehammer initialize  false}
0.try0 goal.proof         5ms LemmaSledge.AddSub_1624 8:274  
1.sledgehammer goal.proof     283636ms LemmaSledge.AddSub_1624 8:274  some (SH 283636ms, ATP 164ms) [cvc5]: Try this: by (metis (no_types, opaque_lifting) add.commute diff_add_cancel diff_diff_eq2 diff_right_eq_prec xor_as_or_and) (72 ms)
1.sledgehammer finalize   Total number of sledgehammer calls: 1
1.sledgehammer finalize   Number of successful sledgehammer calls: 1
1.sledgehammer finalize   Number of sledgehammer lemmas: 5
1.sledgehammer finalize   Max number of sledgehammer lemmas: 5
1.sledgehammer finalize   Success rate: 100%
1.sledgehammer finalize   Total number of nontrivial sledgehammer calls: 1
1.sledgehammer finalize   Number of successful nontrivial sledgehammer calls: 1
1.sledgehammer finalize   Total time for sledgehammer calls (Isabelle): 283.636
1.sledgehammer finalize   Total time for successful sledgehammer calls (ATP): 0.164
1.sledgehammer finalize   Average time for sledgehammer calls (Isabelle): 283.636
1.sledgehammer finalize   Average time for successful sledgehammer calls (ATP): 0.164
1.sledgehammer initialize Params for sledgehammer: {abduce = SOME 0, cache_dir = NONE, compress = NONE, debug = false, expect =
1.sledgehammer initialize  "", fact_filter = NONE, fact_thresholds = (0.45, 0.85), falsify =
1.sledgehammer initialize  SOME false, induction_rules = NONE, instantiate = NONE, isar_proofs = NONE,
1.sledgehammer initialize  lam_trans = NONE, learn = true, max_facts = NONE, max_mono_iters = NONE,
1.sledgehammer initialize  max_new_mono_instances = NONE, max_proofs = 4, minimize = true, overlord =
1.sledgehammer initialize  false, preplay_timeout = 1.000, provers =
1.sledgehammer initialize  ["cvc5", "cvc5_proof", "verit", "z3", "e", "spass", "vampire",
1.sledgehammer initialize   "zipperposition"],
1.sledgehammer initialize  slices = 96, smt_proofs = true, spy = false, strict = false, timeout =
1.sledgehammer initialize  300.000, try0 = true, type_enc = NONE, uncurried_aliases = NONE, verbose =
1.sledgehammer initialize  false}
0.try0 goal.proof         5ms LemmaSledge.AndOrXor_2367 8:280  
1.sledgehammer goal.proof     280003ms LemmaSledge.AndOrXor_2367 8:280  timeout (SH 280003ms) [cvc5]: Timed out
1.sledgehammer finalize   Total number of sledgehammer calls: 1
1.sledgehammer finalize   Number of successful sledgehammer calls: 0
1.sledgehammer finalize   Number of sledgehammer lemmas: 0
1.sledgehammer finalize   Max number of sledgehammer lemmas: 0
1.sledgehammer finalize   Success rate: 0%
1.sledgehammer finalize   Total number of nontrivial sledgehammer calls: 1
1.sledgehammer finalize   Number of successful nontrivial sledgehammer calls: 0
1.sledgehammer finalize   Total time for sledgehammer calls (Isabelle): 280.003
1.sledgehammer finalize   Total time for successful sledgehammer calls (ATP): 0.000
1.sledgehammer finalize   Average time for sledgehammer calls (Isabelle): 280.003
1.sledgehammer finalize   Average time for successful sledgehammer calls (ATP): 0.000
1.sledgehammer initialize Params for sledgehammer: {abduce = SOME 0, cache_dir = NONE, compress = NONE, debug = false, expect =
1.sledgehammer initialize  "", fact_filter = NONE, fact_thresholds = (0.45, 0.85), falsify =
1.sledgehammer initialize  SOME false, induction_rules = NONE, instantiate = NONE, isar_proofs = NONE,
1.sledgehammer initialize  lam_trans = NONE, learn = true, max_facts = NONE, max_mono_iters = NONE,
1.sledgehammer initialize  max_new_mono_instances = NONE, max_proofs = 4, minimize = true, overlord =
1.sledgehammer initialize  false, preplay_timeout = 1.000, provers =
1.sledgehammer initialize  ["cvc5", "cvc5_proof", "verit", "z3", "e", "spass", "vampire",
1.sledgehammer initialize   "zipperposition"],
1.sledgehammer initialize  slices = 96, smt_proofs = true, spy = false, strict = false, timeout =
1.sledgehammer initialize  300.000, try0 = true, type_enc = NONE, uncurried_aliases = NONE, verbose =
1.sledgehammer initialize  false}
0.try0 goal.proof         6ms LemmaSledge.AndOrXor_1247 8:305  
1.sledgehammer goal.proof     278022ms LemmaSledge.AndOrXor_1247 8:305  timeout (SH 278022ms) [cvc5]: Timed out
1.sledgehammer finalize   Total number of sledgehammer calls: 1
1.sledgehammer finalize   Number of successful sledgehammer calls: 0
1.sledgehammer finalize   Number of sledgehammer lemmas: 0
1.sledgehammer finalize   Max number of sledgehammer lemmas: 0
1.sledgehammer finalize   Success rate: 0%
1.sledgehammer finalize   Total number of nontrivial sledgehammer calls: 1
1.sledgehammer finalize   Number of successful nontrivial sledgehammer calls: 0
1.sledgehammer finalize   Total time for sledgehammer calls (Isabelle): 278.022
1.sledgehammer finalize   Total time for successful sledgehammer calls (ATP): 0.000
1.sledgehammer finalize   Average time for sledgehammer calls (Isabelle): 278.022
1.sledgehammer finalize   Average time for successful sledgehammer calls (ATP): 0.000
1.sledgehammer initialize Params for sledgehammer: {abduce = SOME 0, cache_dir = NONE, compress = NONE, debug = false, expect =
1.sledgehammer initialize  "", fact_filter = NONE, fact_thresholds = (0.45, 0.85), falsify =
1.sledgehammer initialize  SOME false, induction_rules = NONE, instantiate = NONE, isar_proofs = NONE,
1.sledgehammer initialize  lam_trans = NONE, learn = true, max_facts = NONE, max_mono_iters = NONE,
1.sledgehammer initialize  max_new_mono_instances = NONE, max_proofs = 4, minimize = true, overlord =
1.sledgehammer initialize  false, preplay_timeout = 1.000, provers =
1.sledgehammer initialize  ["cvc5", "cvc5_proof", "verit", "z3", "e", "spass", "vampire",
1.sledgehammer initialize   "zipperposition"],
1.sledgehammer initialize  slices = 96, smt_proofs = true, spy = false, strict = false, timeout =
1.sledgehammer initialize  300.000, try0 = true, type_enc = NONE, uncurried_aliases = NONE, verbose =
1.sledgehammer initialize  false}
0.try0 goal.proof         6ms LemmaSledge.AndOrXor_1288 8:364  
1.sledgehammer goal.proof     277943ms LemmaSledge.AndOrXor_1288 8:364  timeout (SH 277943ms) [cvc5]: Timed out
1.sledgehammer finalize   Total number of sledgehammer calls: 1
1.sledgehammer finalize   Number of successful sledgehammer calls: 0
1.sledgehammer finalize   Number of sledgehammer lemmas: 0
1.sledgehammer finalize   Max number of sledgehammer lemmas: 0
1.sledgehammer finalize   Success rate: 0%
1.sledgehammer finalize   Total number of nontrivial sledgehammer calls: 1
1.sledgehammer finalize   Number of successful nontrivial sledgehammer calls: 0
1.sledgehammer finalize   Total time for sledgehammer calls (Isabelle): 277.943
1.sledgehammer finalize   Total time for successful sledgehammer calls (ATP): 0.000
1.sledgehammer finalize   Average time for sledgehammer calls (Isabelle): 277.943
1.sledgehammer finalize   Average time for successful sledgehammer calls (ATP): 0.000
1.sledgehammer initialize Params for sledgehammer: {abduce = SOME 0, cache_dir = NONE, compress = NONE, debug = false, expect =
1.sledgehammer initialize  "", fact_filter = NONE, fact_thresholds = (0.45, 0.85), falsify =
1.sledgehammer initialize  SOME false, induction_rules = NONE, instantiate = NONE, isar_proofs = NONE,
1.sledgehammer initialize  lam_trans = NONE, learn = true, max_facts = NONE, max_mono_iters = NONE,
1.sledgehammer initialize  max_new_mono_instances = NONE, max_proofs = 4, minimize = true, overlord =
1.sledgehammer initialize  false, preplay_timeout = 1.000, provers =
1.sledgehammer initialize  ["cvc5", "cvc5_proof", "verit", "z3", "e", "spass", "vampire",
1.sledgehammer initialize   "zipperposition"],
1.sledgehammer initialize  slices = 96, smt_proofs = true, spy = false, strict = false, timeout =
1.sledgehammer initialize  300.000, try0 = true, type_enc = NONE, uncurried_aliases = NONE, verbose =
1.sledgehammer initialize  false}
0.try0 goal.proof         4ms LemmaSledge.AndOrXor_144 8:288  
1.sledgehammer goal.proof     278720ms LemmaSledge.AndOrXor_144 8:288  timeout (SH 278720ms) [cvc5]: Timed out
1.sledgehammer finalize   Total number of sledgehammer calls: 1
1.sledgehammer finalize   Number of successful sledgehammer calls: 0
1.sledgehammer finalize   Number of sledgehammer lemmas: 0
1.sledgehammer finalize   Max number of sledgehammer lemmas: 0
1.sledgehammer finalize   Success rate: 0%
1.sledgehammer finalize   Total number of nontrivial sledgehammer calls: 1
1.sledgehammer finalize   Number of successful nontrivial sledgehammer calls: 0
1.sledgehammer finalize   Total time for sledgehammer calls (Isabelle): 278.720
1.sledgehammer finalize   Total time for successful sledgehammer calls (ATP): 0.000
1.sledgehammer finalize   Average time for sledgehammer calls (Isabelle): 278.720
1.sledgehammer finalize   Average time for successful sledgehammer calls (ATP): 0.000
1.sledgehammer initialize Params for sledgehammer: {abduce = SOME 0, cache_dir = NONE, compress = NONE, debug = false, expect =
1.sledgehammer initialize  "", fact_filter = NONE, fact_thresholds = (0.45, 0.85), falsify =
1.sledgehammer initialize  SOME false, induction_rules = NONE, instantiate = NONE, isar_proofs = NONE,
1.sledgehammer initialize  lam_trans = NONE, learn = true, max_facts = NONE, max_mono_iters = NONE,
1.sledgehammer initialize  max_new_mono_instances = NONE, max_proofs = 4, minimize = true, overlord =
1.sledgehammer initialize  false, preplay_timeout = 1.000, provers =
1.sledgehammer initialize  ["cvc5", "cvc5_proof", "verit", "z3", "e", "spass", "vampire",
1.sledgehammer initialize   "zipperposition"],
1.sledgehammer initialize  slices = 96, smt_proofs = true, spy = false, strict = false, timeout =
1.sledgehammer initialize  300.000, try0 = true, type_enc = NONE, uncurried_aliases = NONE, verbose =
1.sledgehammer initialize  false}
0.try0 goal.proof         6ms LemmaSledge.InstCombineShift440 8:404  
1.sledgehammer goal.proof     278276ms LemmaSledge.InstCombineShift440 8:404  timeout (SH 278276ms) [cvc5]: Timed out
1.sledgehammer finalize   Total number of sledgehammer calls: 1
1.sledgehammer finalize   Number of successful sledgehammer calls: 0
1.sledgehammer finalize   Number of sledgehammer lemmas: 0
1.sledgehammer finalize   Max number of sledgehammer lemmas: 0
1.sledgehammer finalize   Success rate: 0%
1.sledgehammer finalize   Total number of nontrivial sledgehammer calls: 1
1.sledgehammer finalize   Number of successful nontrivial sledgehammer calls: 0
1.sledgehammer finalize   Total time for sledgehammer calls (Isabelle): 278.276
1.sledgehammer finalize   Total time for successful sledgehammer calls (ATP): 0.000
1.sledgehammer finalize   Average time for sledgehammer calls (Isabelle): 278.276
1.sledgehammer finalize   Average time for successful sledgehammer calls (ATP): 0.000
1.sledgehammer initialize Params for sledgehammer: {abduce = SOME 0, cache_dir = NONE, compress = NONE, debug = false, expect =
1.sledgehammer initialize  "", fact_filter = NONE, fact_thresholds = (0.45, 0.85), falsify =
1.sledgehammer initialize  SOME false, induction_rules = NONE, instantiate = NONE, isar_proofs = NONE,
1.sledgehammer initialize  lam_trans = NONE, learn = true, max_facts = NONE, max_mono_iters = NONE,
1.sledgehammer initialize  max_new_mono_instances = NONE, max_proofs = 4, minimize = true, overlord =
1.sledgehammer initialize  false, preplay_timeout = 1.000, provers =
1.sledgehammer initialize  ["cvc5", "cvc5_proof", "verit", "z3", "e", "spass", "vampire",
1.sledgehammer initialize   "zipperposition"],
1.sledgehammer initialize  slices = 96, smt_proofs = true, spy = false, strict = false, timeout =
1.sledgehammer initialize  300.000, try0 = true, type_enc = NONE, uncurried_aliases = NONE, verbose =
1.sledgehammer initialize  false}
0.try0 goal.proof         4ms LemmaSledge.AndOrXor_2263 8:261  
1.sledgehammer goal.proof     279094ms LemmaSledge.AndOrXor_2263 8:261  timeout (SH 279094ms) [cvc5]: Timed out
1.sledgehammer finalize   Total number of sledgehammer calls: 1
1.sledgehammer finalize   Number of successful sledgehammer calls: 0
1.sledgehammer finalize   Number of sledgehammer lemmas: 0
1.sledgehammer finalize   Max number of sledgehammer lemmas: 0
1.sledgehammer finalize   Success rate: 0%
1.sledgehammer finalize   Total number of nontrivial sledgehammer calls: 1
1.sledgehammer finalize   Number of successful nontrivial sledgehammer calls: 0
1.sledgehammer finalize   Total time for sledgehammer calls (Isabelle): 279.094
1.sledgehammer finalize   Total time for successful sledgehammer calls (ATP): 0.000
1.sledgehammer finalize   Average time for sledgehammer calls (Isabelle): 279.094
1.sledgehammer finalize   Average time for successful sledgehammer calls (ATP): 0.000
1.sledgehammer initialize Params for sledgehammer: {abduce = SOME 0, cache_dir = NONE, compress = NONE, debug = false, expect =
1.sledgehammer initialize  "", fact_filter = NONE, fact_thresholds = (0.45, 0.85), falsify =
1.sledgehammer initialize  SOME false, induction_rules = NONE, instantiate = NONE, isar_proofs = NONE,
1.sledgehammer initialize  lam_trans = NONE, learn = true, max_facts = NONE, max_mono_iters = NONE,
1.sledgehammer initialize  max_new_mono_instances = NONE, max_proofs = 4, minimize = true, overlord =
1.sledgehammer initialize  false, preplay_timeout = 1.000, provers =
1.sledgehammer initialize  ["cvc5", "cvc5_proof", "verit", "z3", "e", "spass", "vampire",
1.sledgehammer initialize   "zipperposition"],
1.sledgehammer initialize  slices = 96, smt_proofs = true, spy = false, strict = false, timeout =
1.sledgehammer initialize  300.000, try0 = true, type_enc = NONE, uncurried_aliases = NONE, verbose =
1.sledgehammer initialize  false}
0.try0 goal.proof         6ms LemmaSledge.InstCombineShift279 8:301  
1.sledgehammer goal.proof     278220ms LemmaSledge.InstCombineShift279 8:301  timeout (SH 278220ms) [cvc5]: Timed out
1.sledgehammer finalize   Total number of sledgehammer calls: 1
1.sledgehammer finalize   Number of successful sledgehammer calls: 0
1.sledgehammer finalize   Number of sledgehammer lemmas: 0
1.sledgehammer finalize   Max number of sledgehammer lemmas: 0
1.sledgehammer finalize   Success rate: 0%
1.sledgehammer finalize   Total number of nontrivial sledgehammer calls: 1
1.sledgehammer finalize   Number of successful nontrivial sledgehammer calls: 0
1.sledgehammer finalize   Total time for sledgehammer calls (Isabelle): 278.220
1.sledgehammer finalize   Total time for successful sledgehammer calls (ATP): 0.000
1.sledgehammer finalize   Average time for sledgehammer calls (Isabelle): 278.220
1.sledgehammer finalize   Average time for successful sledgehammer calls (ATP): 0.000
1.sledgehammer initialize Params for sledgehammer: {abduce = SOME 0, cache_dir = NONE, compress = NONE, debug = false, expect =
1.sledgehammer initialize  "", fact_filter = NONE, fact_thresholds = (0.45, 0.85), falsify =
1.sledgehammer initialize  SOME false, induction_rules = NONE, instantiate = NONE, isar_proofs = NONE,
1.sledgehammer initialize  lam_trans = NONE, learn = true, max_facts = NONE, max_mono_iters = NONE,
1.sledgehammer initialize  max_new_mono_instances = NONE, max_proofs = 4, minimize = true, overlord =
1.sledgehammer initialize  false, preplay_timeout = 1.000, provers =
1.sledgehammer initialize  ["cvc5", "cvc5_proof", "verit", "z3", "e", "spass", "vampire",
1.sledgehammer initialize   "zipperposition"],
1.sledgehammer initialize  slices = 96, smt_proofs = true, spy = false, strict = false, timeout =
1.sledgehammer initialize  300.000, try0 = true, type_enc = NONE, uncurried_aliases = NONE, verbose =
1.sledgehammer initialize  false}
0.try0 goal.proof         6ms LemmaSledge.AndOrXor_2658 8:330  
1.sledgehammer goal.proof     278933ms LemmaSledge.AndOrXor_2658 8:330  timeout (SH 278933ms) [cvc5]: Timed out
1.sledgehammer finalize   Total number of sledgehammer calls: 1
1.sledgehammer finalize   Number of successful sledgehammer calls: 0
1.sledgehammer finalize   Number of sledgehammer lemmas: 0
1.sledgehammer finalize   Max number of sledgehammer lemmas: 0
1.sledgehammer finalize   Success rate: 0%
1.sledgehammer finalize   Total number of nontrivial sledgehammer calls: 1
1.sledgehammer finalize   Number of successful nontrivial sledgehammer calls: 0
1.sledgehammer finalize   Total time for sledgehammer calls (Isabelle): 278.933
1.sledgehammer finalize   Total time for successful sledgehammer calls (ATP): 0.000
1.sledgehammer finalize   Average time for sledgehammer calls (Isabelle): 278.933
1.sledgehammer finalize   Average time for successful sledgehammer calls (ATP): 0.000
1.sledgehammer initialize Params for sledgehammer: {abduce = SOME 0, cache_dir = NONE, compress = NONE, debug = false, expect =
1.sledgehammer initialize  "", fact_filter = NONE, fact_thresholds = (0.45, 0.85), falsify =
1.sledgehammer initialize  SOME false, induction_rules = NONE, instantiate = NONE, isar_proofs = NONE,
1.sledgehammer initialize  lam_trans = NONE, learn = true, max_facts = NONE, max_mono_iters = NONE,
1.sledgehammer initialize  max_new_mono_instances = NONE, max_proofs = 4, minimize = true, overlord =
1.sledgehammer initialize  false, preplay_timeout = 1.000, provers =
1.sledgehammer initialize  ["cvc5", "cvc5_proof", "verit", "z3", "e", "spass", "vampire",
1.sledgehammer initialize   "zipperposition"],
1.sledgehammer initialize  slices = 96, smt_proofs = true, spy = false, strict = false, timeout =
1.sledgehammer initialize  300.000, try0 = true, type_enc = NONE, uncurried_aliases = NONE, verbose =
1.sledgehammer initialize  false}
0.try0 goal.proof         5ms LemmaSledge.AddSub_1560 8:215  
1.sledgehammer goal.proof     28365ms LemmaSledge.AddSub_1560 8:215  some (SH 28365ms, ATP 1530ms) [cvc5]: Try this: by (simp add: and_allones or_allones xor_as_or_and) (0.8 ms)
1.sledgehammer finalize   Total number of sledgehammer calls: 1
1.sledgehammer finalize   Number of successful sledgehammer calls: 1
1.sledgehammer finalize   Number of sledgehammer lemmas: 4
1.sledgehammer finalize   Max number of sledgehammer lemmas: 4
1.sledgehammer finalize   Success rate: 100%
1.sledgehammer finalize   Total number of nontrivial sledgehammer calls: 1
1.sledgehammer finalize   Number of successful nontrivial sledgehammer calls: 1
1.sledgehammer finalize   Total time for sledgehammer calls (Isabelle): 28.365
1.sledgehammer finalize   Total time for successful sledgehammer calls (ATP): 1.530
1.sledgehammer finalize   Average time for sledgehammer calls (Isabelle): 28.365
1.sledgehammer finalize   Average time for successful sledgehammer calls (ATP): 1.530
1.sledgehammer initialize Params for sledgehammer: {abduce = SOME 0, cache_dir = NONE, compress = NONE, debug = false, expect =
1.sledgehammer initialize  "", fact_filter = NONE, fact_thresholds = (0.45, 0.85), falsify =
1.sledgehammer initialize  SOME false, induction_rules = NONE, instantiate = NONE, isar_proofs = NONE,
1.sledgehammer initialize  lam_trans = NONE, learn = true, max_facts = NONE, max_mono_iters = NONE,
1.sledgehammer initialize  max_new_mono_instances = NONE, max_proofs = 4, minimize = true, overlord =
1.sledgehammer initialize  false, preplay_timeout = 1.000, provers =
1.sledgehammer initialize  ["cvc5", "cvc5_proof", "verit", "z3", "e", "spass", "vampire",
1.sledgehammer initialize   "zipperposition"],
1.sledgehammer initialize  slices = 96, smt_proofs = true, spy = false, strict = false, timeout =
1.sledgehammer initialize  300.000, try0 = true, type_enc = NONE, uncurried_aliases = NONE, verbose =
1.sledgehammer initialize  false}
0.try0 goal.proof        11ms LemmaSledge.AndOrXor_2595 8:280  
1.sledgehammer goal.proof     278996ms LemmaSledge.AndOrXor_2595 8:280  timeout (SH 278996ms) [cvc5]: Timed out
1.sledgehammer finalize   Total number of sledgehammer calls: 1
1.sledgehammer finalize   Number of successful sledgehammer calls: 0
1.sledgehammer finalize   Number of sledgehammer lemmas: 0
1.sledgehammer finalize   Max number of sledgehammer lemmas: 0
1.sledgehammer finalize   Success rate: 0%
1.sledgehammer finalize   Total number of nontrivial sledgehammer calls: 1
1.sledgehammer finalize   Number of successful nontrivial sledgehammer calls: 0
1.sledgehammer finalize   Total time for sledgehammer calls (Isabelle): 278.996
1.sledgehammer finalize   Total time for successful sledgehammer calls (ATP): 0.000
1.sledgehammer finalize   Average time for sledgehammer calls (Isabelle): 278.996
1.sledgehammer finalize   Average time for successful sledgehammer calls (ATP): 0.000
1.sledgehammer initialize Params for sledgehammer: {abduce = SOME 0, cache_dir = NONE, compress = NONE, debug = false, expect =
1.sledgehammer initialize  "", fact_filter = NONE, fact_thresholds = (0.45, 0.85), falsify =
1.sledgehammer initialize  SOME false, induction_rules = NONE, instantiate = NONE, isar_proofs = NONE,
1.sledgehammer initialize  lam_trans = NONE, learn = true, max_facts = NONE, max_mono_iters = NONE,
1.sledgehammer initialize  max_new_mono_instances = NONE, max_proofs = 4, minimize = true, overlord =
1.sledgehammer initialize  false, preplay_timeout = 1.000, provers =
1.sledgehammer initialize  ["cvc5", "cvc5_proof", "verit", "z3", "e", "spass", "vampire",
1.sledgehammer initialize   "zipperposition"],
1.sledgehammer initialize  slices = 96, smt_proofs = true, spy = false, strict = false, timeout =
1.sledgehammer initialize  300.000, try0 = true, type_enc = NONE, uncurried_aliases = NONE, verbose =
1.sledgehammer initialize  false}
0.try0 goal.proof        10ms LemmaSledge.AndOrXor_135 8:290  
1.sledgehammer goal.proof     278078ms LemmaSledge.AndOrXor_135 8:290  timeout (SH 278078ms) [cvc5]: Timed out
1.sledgehammer finalize   Total number of sledgehammer calls: 1
1.sledgehammer finalize   Number of successful sledgehammer calls: 0
1.sledgehammer finalize   Number of sledgehammer lemmas: 0
1.sledgehammer finalize   Max number of sledgehammer lemmas: 0
1.sledgehammer finalize   Success rate: 0%
1.sledgehammer finalize   Total number of nontrivial sledgehammer calls: 1
1.sledgehammer finalize   Number of successful nontrivial sledgehammer calls: 0
1.sledgehammer finalize   Total time for sledgehammer calls (Isabelle): 278.078
1.sledgehammer finalize   Total time for successful sledgehammer calls (ATP): 0.000
1.sledgehammer finalize   Average time for sledgehammer calls (Isabelle): 278.078
1.sledgehammer finalize   Average time for successful sledgehammer calls (ATP): 0.000
1.sledgehammer initialize Params for sledgehammer: {abduce = SOME 0, cache_dir = NONE, compress = NONE, debug = false, expect =
1.sledgehammer initialize  "", fact_filter = NONE, fact_thresholds = (0.45, 0.85), falsify =
1.sledgehammer initialize  SOME false, induction_rules = NONE, instantiate = NONE, isar_proofs = NONE,
1.sledgehammer initialize  lam_trans = NONE, learn = true, max_facts = NONE, max_mono_iters = NONE,
1.sledgehammer initialize  max_new_mono_instances = NONE, max_proofs = 4, minimize = true, overlord =
1.sledgehammer initialize  false, preplay_timeout = 1.000, provers =
1.sledgehammer initialize  ["cvc5", "cvc5_proof", "verit", "z3", "e", "spass", "vampire",
1.sledgehammer initialize   "zipperposition"],
1.sledgehammer initialize  slices = 96, smt_proofs = true, spy = false, strict = false, timeout =
1.sledgehammer initialize  300.000, try0 = true, type_enc = NONE, uncurried_aliases = NONE, verbose =
1.sledgehammer initialize  false}
0.try0 goal.proof         6ms LemmaSledge.AndOrXor_2188 8:330  
1.sledgehammer goal.proof     277212ms LemmaSledge.AndOrXor_2188 8:330  timeout (SH 277212ms) [cvc5]: Timed out
1.sledgehammer finalize   Total number of sledgehammer calls: 1
1.sledgehammer finalize   Number of successful sledgehammer calls: 0
1.sledgehammer finalize   Number of sledgehammer lemmas: 0
1.sledgehammer finalize   Max number of sledgehammer lemmas: 0
1.sledgehammer finalize   Success rate: 0%
1.sledgehammer finalize   Total number of nontrivial sledgehammer calls: 1
1.sledgehammer finalize   Number of successful nontrivial sledgehammer calls: 0
1.sledgehammer finalize   Total time for sledgehammer calls (Isabelle): 277.212
1.sledgehammer finalize   Total time for successful sledgehammer calls (ATP): 0.000
1.sledgehammer finalize   Average time for sledgehammer calls (Isabelle): 277.212
1.sledgehammer finalize   Average time for successful sledgehammer calls (ATP): 0.000
1.sledgehammer initialize Params for sledgehammer: {abduce = SOME 0, cache_dir = NONE, compress = NONE, debug = false, expect =
1.sledgehammer initialize  "", fact_filter = NONE, fact_thresholds = (0.45, 0.85), falsify =
1.sledgehammer initialize  SOME false, induction_rules = NONE, instantiate = NONE, isar_proofs = NONE,
1.sledgehammer initialize  lam_trans = NONE, learn = true, max_facts = NONE, max_mono_iters = NONE,
1.sledgehammer initialize  max_new_mono_instances = NONE, max_proofs = 4, minimize = true, overlord =
1.sledgehammer initialize  false, preplay_timeout = 1.000, provers =
1.sledgehammer initialize  ["cvc5", "cvc5_proof", "verit", "z3", "e", "spass", "vampire",
1.sledgehammer initialize   "zipperposition"],
1.sledgehammer initialize  slices = 96, smt_proofs = true, spy = false, strict = false, timeout =
1.sledgehammer initialize  300.000, try0 = true, type_enc = NONE, uncurried_aliases = NONE, verbose =
1.sledgehammer initialize  false}
0.try0 goal.proof         7ms LemmaSledge.AddSub_1043 8:331  
1.sledgehammer goal.proof     278830ms LemmaSledge.AddSub_1043 8:331  timeout (SH 278830ms) [cvc5]: Timed out
1.sledgehammer finalize   Total number of sledgehammer calls: 1
1.sledgehammer finalize   Number of successful sledgehammer calls: 0
1.sledgehammer finalize   Number of sledgehammer lemmas: 0
1.sledgehammer finalize   Max number of sledgehammer lemmas: 0
1.sledgehammer finalize   Success rate: 0%
1.sledgehammer finalize   Total number of nontrivial sledgehammer calls: 1
1.sledgehammer finalize   Number of successful nontrivial sledgehammer calls: 0
1.sledgehammer finalize   Total time for sledgehammer calls (Isabelle): 278.830
1.sledgehammer finalize   Total time for successful sledgehammer calls (ATP): 0.000
1.sledgehammer finalize   Average time for sledgehammer calls (Isabelle): 278.830
1.sledgehammer finalize   Average time for successful sledgehammer calls (ATP): 0.000
1.sledgehammer initialize Params for sledgehammer: {abduce = SOME 0, cache_dir = NONE, compress = NONE, debug = false, expect =
1.sledgehammer initialize  "", fact_filter = NONE, fact_thresholds = (0.45, 0.85), falsify =
1.sledgehammer initialize  SOME false, induction_rules = NONE, instantiate = NONE, isar_proofs = NONE,
1.sledgehammer initialize  lam_trans = NONE, learn = true, max_facts = NONE, max_mono_iters = NONE,
1.sledgehammer initialize  max_new_mono_instances = NONE, max_proofs = 4, minimize = true, overlord =
1.sledgehammer initialize  false, preplay_timeout = 1.000, provers =
1.sledgehammer initialize  ["cvc5", "cvc5_proof", "verit", "z3", "e", "spass", "vampire",
1.sledgehammer initialize   "zipperposition"],
1.sledgehammer initialize  slices = 96, smt_proofs = true, spy = false, strict = false, timeout =
1.sledgehammer initialize  300.000, try0 = true, type_enc = NONE, uncurried_aliases = NONE, verbose =
1.sledgehammer initialize  false}
0.try0 goal.proof         5ms LemmaSledge.AddSub_1202 8:254  
1.sledgehammer goal.proof     276997ms LemmaSledge.AddSub_1202 8:254  timeout (SH 276997ms) [cvc5]: Timed out
1.sledgehammer finalize   Total number of sledgehammer calls: 1
1.sledgehammer finalize   Number of successful sledgehammer calls: 0
1.sledgehammer finalize   Number of sledgehammer lemmas: 0
1.sledgehammer finalize   Max number of sledgehammer lemmas: 0
1.sledgehammer finalize   Success rate: 0%
1.sledgehammer finalize   Total number of nontrivial sledgehammer calls: 1
1.sledgehammer finalize   Number of successful nontrivial sledgehammer calls: 0
1.sledgehammer finalize   Total time for sledgehammer calls (Isabelle): 276.997
1.sledgehammer finalize   Total time for successful sledgehammer calls (ATP): 0.000
1.sledgehammer finalize   Average time for sledgehammer calls (Isabelle): 276.997
1.sledgehammer finalize   Average time for successful sledgehammer calls (ATP): 0.000
1.sledgehammer initialize Params for sledgehammer: {abduce = SOME 0, cache_dir = NONE, compress = NONE, debug = false, expect =
1.sledgehammer initialize  "", fact_filter = NONE, fact_thresholds = (0.45, 0.85), falsify =
1.sledgehammer initialize  SOME false, induction_rules = NONE, instantiate = NONE, isar_proofs = NONE,
1.sledgehammer initialize  lam_trans = NONE, learn = true, max_facts = NONE, max_mono_iters = NONE,
1.sledgehammer initialize  max_new_mono_instances = NONE, max_proofs = 4, minimize = true, overlord =
1.sledgehammer initialize  false, preplay_timeout = 1.000, provers =
1.sledgehammer initialize  ["cvc5", "cvc5_proof", "verit", "z3", "e", "spass", "vampire",
1.sledgehammer initialize   "zipperposition"],
1.sledgehammer initialize  slices = 96, smt_proofs = true, spy = false, strict = false, timeout =
1.sledgehammer initialize  300.000, try0 = true, type_enc = NONE, uncurried_aliases = NONE, verbose =
1.sledgehammer initialize  false}
0.try0 goal.proof         4ms LemmaSledge.AndOrXor_2607 8:329  
1.sledgehammer goal.proof     278929ms LemmaSledge.AndOrXor_2607 8:329  timeout (SH 278929ms) [cvc5]: Timed out
1.sledgehammer finalize   Total number of sledgehammer calls: 1
1.sledgehammer finalize   Number of successful sledgehammer calls: 0
1.sledgehammer finalize   Number of sledgehammer lemmas: 0
1.sledgehammer finalize   Max number of sledgehammer lemmas: 0
1.sledgehammer finalize   Success rate: 0%
1.sledgehammer finalize   Total number of nontrivial sledgehammer calls: 1
1.sledgehammer finalize   Number of successful nontrivial sledgehammer calls: 0
1.sledgehammer finalize   Total time for sledgehammer calls (Isabelle): 278.929
1.sledgehammer finalize   Total time for successful sledgehammer calls (ATP): 0.000
1.sledgehammer finalize   Average time for sledgehammer calls (Isabelle): 278.929
1.sledgehammer finalize   Average time for successful sledgehammer calls (ATP): 0.000
1.sledgehammer initialize Params for sledgehammer: {abduce = SOME 0, cache_dir = NONE, compress = NONE, debug = false, expect =
1.sledgehammer initialize  "", fact_filter = NONE, fact_thresholds = (0.45, 0.85), falsify =
1.sledgehammer initialize  SOME false, induction_rules = NONE, instantiate = NONE, isar_proofs = NONE,
1.sledgehammer initialize  lam_trans = NONE, learn = true, max_facts = NONE, max_mono_iters = NONE,
1.sledgehammer initialize  max_new_mono_instances = NONE, max_proofs = 4, minimize = true, overlord =
1.sledgehammer initialize  false, preplay_timeout = 1.000, provers =
1.sledgehammer initialize  ["cvc5", "cvc5_proof", "verit", "z3", "e", "spass", "vampire",
1.sledgehammer initialize   "zipperposition"],
1.sledgehammer initialize  slices = 96, smt_proofs = true, spy = false, strict = false, timeout =
1.sledgehammer initialize  300.000, try0 = true, type_enc = NONE, uncurried_aliases = NONE, verbose =
1.sledgehammer initialize  false}
0.try0 goal.proof         5ms LemmaSledge.InstCombineShift476 8:402  
1.sledgehammer goal.proof     278062ms LemmaSledge.InstCombineShift476 8:402  timeout (SH 278062ms) [cvc5]: Timed out
1.sledgehammer finalize   Total number of sledgehammer calls: 1
1.sledgehammer finalize   Number of successful sledgehammer calls: 0
1.sledgehammer finalize   Number of sledgehammer lemmas: 0
1.sledgehammer finalize   Max number of sledgehammer lemmas: 0
1.sledgehammer finalize   Success rate: 0%
1.sledgehammer finalize   Total number of nontrivial sledgehammer calls: 1
1.sledgehammer finalize   Number of successful nontrivial sledgehammer calls: 0
1.sledgehammer finalize   Total time for sledgehammer calls (Isabelle): 278.062
1.sledgehammer finalize   Total time for successful sledgehammer calls (ATP): 0.000
1.sledgehammer finalize   Average time for sledgehammer calls (Isabelle): 278.062
1.sledgehammer finalize   Average time for successful sledgehammer calls (ATP): 0.000
1.sledgehammer initialize Params for sledgehammer: {abduce = SOME 0, cache_dir = NONE, compress = NONE, debug = false, expect =
1.sledgehammer initialize  "", fact_filter = NONE, fact_thresholds = (0.45, 0.85), falsify =
1.sledgehammer initialize  SOME false, induction_rules = NONE, instantiate = NONE, isar_proofs = NONE,
1.sledgehammer initialize  lam_trans = NONE, learn = true, max_facts = NONE, max_mono_iters = NONE,
1.sledgehammer initialize  max_new_mono_instances = NONE, max_proofs = 4, minimize = true, overlord =
1.sledgehammer initialize  false, preplay_timeout = 1.000, provers =
1.sledgehammer initialize  ["cvc5", "cvc5_proof", "verit", "z3", "e", "spass", "vampire",
1.sledgehammer initialize   "zipperposition"],
1.sledgehammer initialize  slices = 96, smt_proofs = true, spy = false, strict = false, timeout =
1.sledgehammer initialize  300.000, try0 = true, type_enc = NONE, uncurried_aliases = NONE, verbose =
1.sledgehammer initialize  false}
0.try0 goal.proof         5ms LemmaSledge.AndOrXor_1241 8:305  
1.sledgehammer goal.proof     278901ms LemmaSledge.AndOrXor_1241 8:305  timeout (SH 278901ms) [cvc5]: Timed out
1.sledgehammer finalize   Total number of sledgehammer calls: 1
1.sledgehammer finalize   Number of successful sledgehammer calls: 0
1.sledgehammer finalize   Number of sledgehammer lemmas: 0
1.sledgehammer finalize   Max number of sledgehammer lemmas: 0
1.sledgehammer finalize   Success rate: 0%
1.sledgehammer finalize   Total number of nontrivial sledgehammer calls: 1
1.sledgehammer finalize   Number of successful nontrivial sledgehammer calls: 0
1.sledgehammer finalize   Total time for sledgehammer calls (Isabelle): 278.901
1.sledgehammer finalize   Total time for successful sledgehammer calls (ATP): 0.000
1.sledgehammer finalize   Average time for sledgehammer calls (Isabelle): 278.901
1.sledgehammer finalize   Average time for successful sledgehammer calls (ATP): 0.000
1.sledgehammer initialize Params for sledgehammer: {abduce = SOME 0, cache_dir = NONE, compress = NONE, debug = false, expect =
1.sledgehammer initialize  "", fact_filter = NONE, fact_thresholds = (0.45, 0.85), falsify =
1.sledgehammer initialize  SOME false, induction_rules = NONE, instantiate = NONE, isar_proofs = NONE,
1.sledgehammer initialize  lam_trans = NONE, learn = true, max_facts = NONE, max_mono_iters = NONE,
1.sledgehammer initialize  max_new_mono_instances = NONE, max_proofs = 4, minimize = true, overlord =
1.sledgehammer initialize  false, preplay_timeout = 1.000, provers =
1.sledgehammer initialize  ["cvc5", "cvc5_proof", "verit", "z3", "e", "spass", "vampire",
1.sledgehammer initialize   "zipperposition"],
1.sledgehammer initialize  slices = 96, smt_proofs = true, spy = false, strict = false, timeout =
1.sledgehammer initialize  300.000, try0 = true, type_enc = NONE, uncurried_aliases = NONE, verbose =
1.sledgehammer initialize  false}
0.try0 goal.proof         6ms LemmaSledge.AndOrXor_2264 8:303  
1.sledgehammer goal.proof     277988ms LemmaSledge.AndOrXor_2264 8:303  timeout (SH 277988ms) [cvc5]: Timed out
1.sledgehammer finalize   Total number of sledgehammer calls: 1
1.sledgehammer finalize   Number of successful sledgehammer calls: 0
1.sledgehammer finalize   Number of sledgehammer lemmas: 0
1.sledgehammer finalize   Max number of sledgehammer lemmas: 0
1.sledgehammer finalize   Success rate: 0%
1.sledgehammer finalize   Total number of nontrivial sledgehammer calls: 1
1.sledgehammer finalize   Number of successful nontrivial sledgehammer calls: 0
1.sledgehammer finalize   Total time for sledgehammer calls (Isabelle): 277.988
1.sledgehammer finalize   Total time for successful sledgehammer calls (ATP): 0.000
1.sledgehammer finalize   Average time for sledgehammer calls (Isabelle): 277.988
1.sledgehammer finalize   Average time for successful sledgehammer calls (ATP): 0.000
1.sledgehammer initialize Params for sledgehammer: {abduce = SOME 0, cache_dir = NONE, compress = NONE, debug = false, expect =
1.sledgehammer initialize  "", fact_filter = NONE, fact_thresholds = (0.45, 0.85), falsify =
1.sledgehammer initialize  SOME false, induction_rules = NONE, instantiate = NONE, isar_proofs = NONE,
1.sledgehammer initialize  lam_trans = NONE, learn = true, max_facts = NONE, max_mono_iters = NONE,
1.sledgehammer initialize  max_new_mono_instances = NONE, max_proofs = 4, minimize = true, overlord =
1.sledgehammer initialize  false, preplay_timeout = 1.000, provers =
1.sledgehammer initialize  ["cvc5", "cvc5_proof", "verit", "z3", "e", "spass", "vampire",
1.sledgehammer initialize   "zipperposition"],
1.sledgehammer initialize  slices = 96, smt_proofs = true, spy = false, strict = false, timeout =
1.sledgehammer initialize  300.000, try0 = true, type_enc = NONE, uncurried_aliases = NONE, verbose =
1.sledgehammer initialize  false}
0.try0 goal.proof         5ms LemmaSledge.AndOrXor_2231 8:337  
1.sledgehammer goal.proof     278228ms LemmaSledge.AndOrXor_2231 8:337  timeout (SH 278228ms) [cvc5]: Timed out
1.sledgehammer finalize   Total number of sledgehammer calls: 1
1.sledgehammer finalize   Number of successful sledgehammer calls: 0
1.sledgehammer finalize   Number of sledgehammer lemmas: 0
1.sledgehammer finalize   Max number of sledgehammer lemmas: 0
1.sledgehammer finalize   Success rate: 0%
1.sledgehammer finalize   Total number of nontrivial sledgehammer calls: 1
1.sledgehammer finalize   Number of successful nontrivial sledgehammer calls: 0
1.sledgehammer finalize   Total time for sledgehammer calls (Isabelle): 278.228
1.sledgehammer finalize   Total time for successful sledgehammer calls (ATP): 0.000
1.sledgehammer finalize   Average time for sledgehammer calls (Isabelle): 278.228
1.sledgehammer finalize   Average time for successful sledgehammer calls (ATP): 0.000
1.sledgehammer initialize Params for sledgehammer: {abduce = SOME 0, cache_dir = NONE, compress = NONE, debug = false, expect =
1.sledgehammer initialize  "", fact_filter = NONE, fact_thresholds = (0.45, 0.85), falsify =
1.sledgehammer initialize  SOME false, induction_rules = NONE, instantiate = NONE, isar_proofs = NONE,
1.sledgehammer initialize  lam_trans = NONE, learn = true, max_facts = NONE, max_mono_iters = NONE,
1.sledgehammer initialize  max_new_mono_instances = NONE, max_proofs = 4, minimize = true, overlord =
1.sledgehammer initialize  false, preplay_timeout = 1.000, provers =
1.sledgehammer initialize  ["cvc5", "cvc5_proof", "verit", "z3", "e", "spass", "vampire",
1.sledgehammer initialize   "zipperposition"],
1.sledgehammer initialize  slices = 96, smt_proofs = true, spy = false, strict = false, timeout =
1.sledgehammer initialize  300.000, try0 = true, type_enc = NONE, uncurried_aliases = NONE, verbose =
1.sledgehammer initialize  false}
0.try0 goal.proof         6ms LemmaSledge.AndOrXor_2123 8:305  
1.sledgehammer goal.proof     277878ms LemmaSledge.AndOrXor_2123 8:305  timeout (SH 277878ms) [cvc5]: Timed out
1.sledgehammer finalize   Total number of sledgehammer calls: 1
1.sledgehammer finalize   Number of successful sledgehammer calls: 0
1.sledgehammer finalize   Number of sledgehammer lemmas: 0
1.sledgehammer finalize   Max number of sledgehammer lemmas: 0
1.sledgehammer finalize   Success rate: 0%
1.sledgehammer finalize   Total number of nontrivial sledgehammer calls: 1
1.sledgehammer finalize   Number of successful nontrivial sledgehammer calls: 0
1.sledgehammer finalize   Total time for sledgehammer calls (Isabelle): 277.878
1.sledgehammer finalize   Total time for successful sledgehammer calls (ATP): 0.000
1.sledgehammer finalize   Average time for sledgehammer calls (Isabelle): 277.878
1.sledgehammer finalize   Average time for successful sledgehammer calls (ATP): 0.000
1.sledgehammer initialize Params for sledgehammer: {abduce = SOME 0, cache_dir = NONE, compress = NONE, debug = false, expect =
1.sledgehammer initialize  "", fact_filter = NONE, fact_thresholds = (0.45, 0.85), falsify =
1.sledgehammer initialize  SOME false, induction_rules = NONE, instantiate = NONE, isar_proofs = NONE,
1.sledgehammer initialize  lam_trans = NONE, learn = true, max_facts = NONE, max_mono_iters = NONE,
1.sledgehammer initialize  max_new_mono_instances = NONE, max_proofs = 4, minimize = true, overlord =
1.sledgehammer initialize  false, preplay_timeout = 1.000, provers =
1.sledgehammer initialize  ["cvc5", "cvc5_proof", "verit", "z3", "e", "spass", "vampire",
1.sledgehammer initialize   "zipperposition"],
1.sledgehammer initialize  slices = 96, smt_proofs = true, spy = false, strict = false, timeout =
1.sledgehammer initialize  300.000, try0 = true, type_enc = NONE, uncurried_aliases = NONE, verbose =
1.sledgehammer initialize  false}
0.try0 goal.proof         5ms LemmaSledge.AndOrXor_2247 8:303  
1.sledgehammer goal.proof     277969ms LemmaSledge.AndOrXor_2247 8:303  timeout (SH 277969ms) [cvc5]: Timed out
1.sledgehammer finalize   Total number of sledgehammer calls: 1
1.sledgehammer finalize   Number of successful sledgehammer calls: 0
1.sledgehammer finalize   Number of sledgehammer lemmas: 0
1.sledgehammer finalize   Max number of sledgehammer lemmas: 0
1.sledgehammer finalize   Success rate: 0%
1.sledgehammer finalize   Total number of nontrivial sledgehammer calls: 1
1.sledgehammer finalize   Number of successful nontrivial sledgehammer calls: 0
1.sledgehammer finalize   Total time for sledgehammer calls (Isabelle): 277.969
1.sledgehammer finalize   Total time for successful sledgehammer calls (ATP): 0.000
1.sledgehammer finalize   Average time for sledgehammer calls (Isabelle): 277.969
1.sledgehammer finalize   Average time for successful sledgehammer calls (ATP): 0.000
1.sledgehammer initialize Params for sledgehammer: {abduce = SOME 0, cache_dir = NONE, compress = NONE, debug = false, expect =
1.sledgehammer initialize  "", fact_filter = NONE, fact_thresholds = (0.45, 0.85), falsify =
1.sledgehammer initialize  SOME false, induction_rules = NONE, instantiate = NONE, isar_proofs = NONE,
1.sledgehammer initialize  lam_trans = NONE, learn = true, max_facts = NONE, max_mono_iters = NONE,
1.sledgehammer initialize  max_new_mono_instances = NONE, max_proofs = 4, minimize = true, overlord =
1.sledgehammer initialize  false, preplay_timeout = 1.000, provers =
1.sledgehammer initialize  ["cvc5", "cvc5_proof", "verit", "z3", "e", "spass", "vampire",
1.sledgehammer initialize   "zipperposition"],
1.sledgehammer initialize  slices = 96, smt_proofs = true, spy = false, strict = false, timeout =
1.sledgehammer initialize  300.000, try0 = true, type_enc = NONE, uncurried_aliases = NONE, verbose =
1.sledgehammer initialize  false}
0.try0 goal.proof         5ms LemmaSledge.AndOrXor_2475 8:261  
1.sledgehammer goal.proof     276780ms LemmaSledge.AndOrXor_2475 8:261  timeout (SH 276780ms) [cvc5]: Timed out
1.sledgehammer finalize   Total number of sledgehammer calls: 1
1.sledgehammer finalize   Number of successful sledgehammer calls: 0
1.sledgehammer finalize   Number of sledgehammer lemmas: 0
1.sledgehammer finalize   Max number of sledgehammer lemmas: 0
1.sledgehammer finalize   Success rate: 0%
1.sledgehammer finalize   Total number of nontrivial sledgehammer calls: 1
1.sledgehammer finalize   Number of successful nontrivial sledgehammer calls: 0
1.sledgehammer finalize   Total time for sledgehammer calls (Isabelle): 276.780
1.sledgehammer finalize   Total time for successful sledgehammer calls (ATP): 0.000
1.sledgehammer finalize   Average time for sledgehammer calls (Isabelle): 276.780
1.sledgehammer finalize   Average time for successful sledgehammer calls (ATP): 0.000
1.sledgehammer initialize Params for sledgehammer: {abduce = SOME 0, cache_dir = NONE, compress = NONE, debug = false, expect =
1.sledgehammer initialize  "", fact_filter = NONE, fact_thresholds = (0.45, 0.85), falsify =
1.sledgehammer initialize  SOME false, induction_rules = NONE, instantiate = NONE, isar_proofs = NONE,
1.sledgehammer initialize  lam_trans = NONE, learn = true, max_facts = NONE, max_mono_iters = NONE,
1.sledgehammer initialize  max_new_mono_instances = NONE, max_proofs = 4, minimize = true, overlord =
1.sledgehammer initialize  false, preplay_timeout = 1.000, provers =
1.sledgehammer initialize  ["cvc5", "cvc5_proof", "verit", "z3", "e", "spass", "vampire",
1.sledgehammer initialize   "zipperposition"],
1.sledgehammer initialize  slices = 96, smt_proofs = true, spy = false, strict = false, timeout =
1.sledgehammer initialize  300.000, try0 = true, type_enc = NONE, uncurried_aliases = NONE, verbose =
1.sledgehammer initialize  false}
0.try0 goal.proof         5ms LemmaSledge.AndOrXor_2243 8:310  
1.sledgehammer goal.proof     278464ms LemmaSledge.AndOrXor_2243 8:310  timeout (SH 278464ms) [cvc5]: Timed out
1.sledgehammer finalize   Total number of sledgehammer calls: 1
1.sledgehammer finalize   Number of successful sledgehammer calls: 0
1.sledgehammer finalize   Number of sledgehammer lemmas: 0
1.sledgehammer finalize   Max number of sledgehammer lemmas: 0
1.sledgehammer finalize   Success rate: 0%
1.sledgehammer finalize   Total number of nontrivial sledgehammer calls: 1
1.sledgehammer finalize   Number of successful nontrivial sledgehammer calls: 0
1.sledgehammer finalize   Total time for sledgehammer calls (Isabelle): 278.464
1.sledgehammer finalize   Total time for successful sledgehammer calls (ATP): 0.000
1.sledgehammer finalize   Average time for sledgehammer calls (Isabelle): 278.464
1.sledgehammer finalize   Average time for successful sledgehammer calls (ATP): 0.000
1.sledgehammer initialize Params for sledgehammer: {abduce = SOME 0, cache_dir = NONE, compress = NONE, debug = false, expect =
1.sledgehammer initialize  "", fact_filter = NONE, fact_thresholds = (0.45, 0.85), falsify =
1.sledgehammer initialize  SOME false, induction_rules = NONE, instantiate = NONE, isar_proofs = NONE,
1.sledgehammer initialize  lam_trans = NONE, learn = true, max_facts = NONE, max_mono_iters = NONE,
1.sledgehammer initialize  max_new_mono_instances = NONE, max_proofs = 4, minimize = true, overlord =
1.sledgehammer initialize  false, preplay_timeout = 1.000, provers =
1.sledgehammer initialize  ["cvc5", "cvc5_proof", "verit", "z3", "e", "spass", "vampire",
1.sledgehammer initialize   "zipperposition"],
1.sledgehammer initialize  slices = 96, smt_proofs = true, spy = false, strict = false, timeout =
1.sledgehammer initialize  300.000, try0 = true, type_enc = NONE, uncurried_aliases = NONE, verbose =
1.sledgehammer initialize  false}
0.try0 goal.proof         5ms LemmaSledge.AndOrXor_2430 8:303  
1.sledgehammer goal.proof     277843ms LemmaSledge.AndOrXor_2430 8:303  timeout (SH 277843ms) [cvc5]: Timed out
1.sledgehammer finalize   Total number of sledgehammer calls: 1
1.sledgehammer finalize   Number of successful sledgehammer calls: 0
1.sledgehammer finalize   Number of sledgehammer lemmas: 0
1.sledgehammer finalize   Max number of sledgehammer lemmas: 0
1.sledgehammer finalize   Success rate: 0%
1.sledgehammer finalize   Total number of nontrivial sledgehammer calls: 1
1.sledgehammer finalize   Number of successful nontrivial sledgehammer calls: 0
1.sledgehammer finalize   Total time for sledgehammer calls (Isabelle): 277.843
1.sledgehammer finalize   Total time for successful sledgehammer calls (ATP): 0.000
1.sledgehammer finalize   Average time for sledgehammer calls (Isabelle): 277.843
1.sledgehammer finalize   Average time for successful sledgehammer calls (ATP): 0.000
1.sledgehammer initialize Params for sledgehammer: {abduce = SOME 0, cache_dir = NONE, compress = NONE, debug = false, expect =
1.sledgehammer initialize  "", fact_filter = NONE, fact_thresholds = (0.45, 0.85), falsify =
1.sledgehammer initialize  SOME false, induction_rules = NONE, instantiate = NONE, isar_proofs = NONE,
1.sledgehammer initialize  lam_trans = NONE, learn = true, max_facts = NONE, max_mono_iters = NONE,
1.sledgehammer initialize  max_new_mono_instances = NONE, max_proofs = 4, minimize = true, overlord =
1.sledgehammer initialize  false, preplay_timeout = 1.000, provers =
1.sledgehammer initialize  ["cvc5", "cvc5_proof", "verit", "z3", "e", "spass", "vampire",
1.sledgehammer initialize   "zipperposition"],
1.sledgehammer initialize  slices = 96, smt_proofs = true, spy = false, strict = false, timeout =
1.sledgehammer initialize  300.000, try0 = true, type_enc = NONE, uncurried_aliases = NONE, verbose =
1.sledgehammer initialize  false}
0.try0 goal.proof         7ms LemmaSledge.AndOrXor_2297 8:330  
1.sledgehammer goal.proof     277991ms LemmaSledge.AndOrXor_2297 8:330  timeout (SH 277991ms) [cvc5]: Timed out
1.sledgehammer finalize   Total number of sledgehammer calls: 1
1.sledgehammer finalize   Number of successful sledgehammer calls: 0
1.sledgehammer finalize   Number of sledgehammer lemmas: 0
1.sledgehammer finalize   Max number of sledgehammer lemmas: 0
1.sledgehammer finalize   Success rate: 0%
1.sledgehammer finalize   Total number of nontrivial sledgehammer calls: 1
1.sledgehammer finalize   Number of successful nontrivial sledgehammer calls: 0
1.sledgehammer finalize   Total time for sledgehammer calls (Isabelle): 277.991
1.sledgehammer finalize   Total time for successful sledgehammer calls (ATP): 0.000
1.sledgehammer finalize   Average time for sledgehammer calls (Isabelle): 277.991
1.sledgehammer finalize   Average time for successful sledgehammer calls (ATP): 0.000
1.sledgehammer initialize Params for sledgehammer: {abduce = SOME 0, cache_dir = NONE, compress = NONE, debug = false, expect =
1.sledgehammer initialize  "", fact_filter = NONE, fact_thresholds = (0.45, 0.85), falsify =
1.sledgehammer initialize  SOME false, induction_rules = NONE, instantiate = NONE, isar_proofs = NONE,
1.sledgehammer initialize  lam_trans = NONE, learn = true, max_facts = NONE, max_mono_iters = NONE,
1.sledgehammer initialize  max_new_mono_instances = NONE, max_proofs = 4, minimize = true, overlord =
1.sledgehammer initialize  false, preplay_timeout = 1.000, provers =
1.sledgehammer initialize  ["cvc5", "cvc5_proof", "verit", "z3", "e", "spass", "vampire",
1.sledgehammer initialize   "zipperposition"],
1.sledgehammer initialize  slices = 96, smt_proofs = true, spy = false, strict = false, timeout =
1.sledgehammer initialize  300.000, try0 = true, type_enc = NONE, uncurried_aliases = NONE, verbose =
1.sledgehammer initialize  false}
0.try0 goal.proof         5ms LemmaSledge.AndOrXor_2417 8:306  
1.sledgehammer goal.proof     277774ms LemmaSledge.AndOrXor_2417 8:306  timeout (SH 277774ms) [cvc5]: Timed out
1.sledgehammer finalize   Total number of sledgehammer calls: 1
1.sledgehammer finalize   Number of successful sledgehammer calls: 0
1.sledgehammer finalize   Number of sledgehammer lemmas: 0
1.sledgehammer finalize   Max number of sledgehammer lemmas: 0
1.sledgehammer finalize   Success rate: 0%
1.sledgehammer finalize   Total number of nontrivial sledgehammer calls: 1
1.sledgehammer finalize   Number of successful nontrivial sledgehammer calls: 0
1.sledgehammer finalize   Total time for sledgehammer calls (Isabelle): 277.774
1.sledgehammer finalize   Total time for successful sledgehammer calls (ATP): 0.000
1.sledgehammer finalize   Average time for sledgehammer calls (Isabelle): 277.774
1.sledgehammer finalize   Average time for successful sledgehammer calls (ATP): 0.000
1.sledgehammer initialize Params for sledgehammer: {abduce = SOME 0, cache_dir = NONE, compress = NONE, debug = false, expect =
1.sledgehammer initialize  "", fact_filter = NONE, fact_thresholds = (0.45, 0.85), falsify =
1.sledgehammer initialize  SOME false, induction_rules = NONE, instantiate = NONE, isar_proofs = NONE,
1.sledgehammer initialize  lam_trans = NONE, learn = true, max_facts = NONE, max_mono_iters = NONE,
1.sledgehammer initialize  max_new_mono_instances = NONE, max_proofs = 4, minimize = true, overlord =
1.sledgehammer initialize  false, preplay_timeout = 1.000, provers =
1.sledgehammer initialize  ["cvc5", "cvc5_proof", "verit", "z3", "e", "spass", "vampire",
1.sledgehammer initialize   "zipperposition"],
1.sledgehammer initialize  slices = 96, smt_proofs = true, spy = false, strict = false, timeout =
1.sledgehammer initialize  300.000, try0 = true, type_enc = NONE, uncurried_aliases = NONE, verbose =
1.sledgehammer initialize  false}
0.try0 goal.proof         6ms LemmaSledge.AndOrXor_2285 8:303  
1.sledgehammer goal.proof     278904ms LemmaSledge.AndOrXor_2285 8:303  timeout (SH 278904ms) [cvc5]: Timed out
1.sledgehammer finalize   Total number of sledgehammer calls: 1
1.sledgehammer finalize   Number of successful sledgehammer calls: 0
1.sledgehammer finalize   Number of sledgehammer lemmas: 0
1.sledgehammer finalize   Max number of sledgehammer lemmas: 0
1.sledgehammer finalize   Success rate: 0%
1.sledgehammer finalize   Total number of nontrivial sledgehammer calls: 1
1.sledgehammer finalize   Number of successful nontrivial sledgehammer calls: 0
1.sledgehammer finalize   Total time for sledgehammer calls (Isabelle): 278.904
1.sledgehammer finalize   Total time for successful sledgehammer calls (ATP): 0.000
1.sledgehammer finalize   Average time for sledgehammer calls (Isabelle): 278.904
1.sledgehammer finalize   Average time for successful sledgehammer calls (ATP): 0.000
1.sledgehammer initialize Params for sledgehammer: {abduce = SOME 0, cache_dir = NONE, compress = NONE, debug = false, expect =
1.sledgehammer initialize  "", fact_filter = NONE, fact_thresholds = (0.45, 0.85), falsify =
1.sledgehammer initialize  SOME false, induction_rules = NONE, instantiate = NONE, isar_proofs = NONE,
1.sledgehammer initialize  lam_trans = NONE, learn = true, max_facts = NONE, max_mono_iters = NONE,
1.sledgehammer initialize  max_new_mono_instances = NONE, max_proofs = 4, minimize = true, overlord =
1.sledgehammer initialize  false, preplay_timeout = 1.000, provers =
1.sledgehammer initialize  ["cvc5", "cvc5_proof", "verit", "z3", "e", "spass", "vampire",
1.sledgehammer initialize   "zipperposition"],
1.sledgehammer initialize  slices = 96, smt_proofs = true, spy = false, strict = false, timeout =
1.sledgehammer initialize  300.000, try0 = true, type_enc = NONE, uncurried_aliases = NONE, verbose =
1.sledgehammer initialize  false}
0.try0 goal.proof         6ms LemmaSledge.AndOrXor_2627 8:337  
1.sledgehammer goal.proof     278915ms LemmaSledge.AndOrXor_2627 8:337  timeout (SH 278915ms) [cvc5]: Timed out
1.sledgehammer finalize   Total number of sledgehammer calls: 1
1.sledgehammer finalize   Number of successful sledgehammer calls: 0
1.sledgehammer finalize   Number of sledgehammer lemmas: 0
1.sledgehammer finalize   Max number of sledgehammer lemmas: 0
1.sledgehammer finalize   Success rate: 0%
1.sledgehammer finalize   Total number of nontrivial sledgehammer calls: 1
1.sledgehammer finalize   Number of successful nontrivial sledgehammer calls: 0
1.sledgehammer finalize   Total time for sledgehammer calls (Isabelle): 278.915
1.sledgehammer finalize   Total time for successful sledgehammer calls (ATP): 0.000
1.sledgehammer finalize   Average time for sledgehammer calls (Isabelle): 278.915
1.sledgehammer finalize   Average time for successful sledgehammer calls (ATP): 0.000
1.sledgehammer initialize Params for sledgehammer: {abduce = SOME 0, cache_dir = NONE, compress = NONE, debug = false, expect =
1.sledgehammer initialize  "", fact_filter = NONE, fact_thresholds = (0.45, 0.85), falsify =
1.sledgehammer initialize  SOME false, induction_rules = NONE, instantiate = NONE, isar_proofs = NONE,
1.sledgehammer initialize  lam_trans = NONE, learn = true, max_facts = NONE, max_mono_iters = NONE,
1.sledgehammer initialize  max_new_mono_instances = NONE, max_proofs = 4, minimize = true, overlord =
1.sledgehammer initialize  false, preplay_timeout = 1.000, provers =
1.sledgehammer initialize  ["cvc5", "cvc5_proof", "verit", "z3", "e", "spass", "vampire",
1.sledgehammer initialize   "zipperposition"],
1.sledgehammer initialize  slices = 96, smt_proofs = true, spy = false, strict = false, timeout =
1.sledgehammer initialize  300.000, try0 = true, type_enc = NONE, uncurried_aliases = NONE, verbose =
1.sledgehammer initialize  false}
0.try0 goal.proof         6ms LemmaSledge.AndOrXor_1253 8:280  
1.sledgehammer goal.proof     277956ms LemmaSledge.AndOrXor_1253 8:280  timeout (SH 277956ms) [cvc5]: Timed out
1.sledgehammer finalize   Total number of sledgehammer calls: 1
1.sledgehammer finalize   Number of successful sledgehammer calls: 0
1.sledgehammer finalize   Number of sledgehammer lemmas: 0
1.sledgehammer finalize   Max number of sledgehammer lemmas: 0
1.sledgehammer finalize   Success rate: 0%
1.sledgehammer finalize   Total number of nontrivial sledgehammer calls: 1
1.sledgehammer finalize   Number of successful nontrivial sledgehammer calls: 0
1.sledgehammer finalize   Total time for sledgehammer calls (Isabelle): 277.956
1.sledgehammer finalize   Total time for successful sledgehammer calls (ATP): 0.000
1.sledgehammer finalize   Average time for sledgehammer calls (Isabelle): 277.956
1.sledgehammer finalize   Average time for successful sledgehammer calls (ATP): 0.000
1.sledgehammer initialize Params for sledgehammer: {abduce = SOME 0, cache_dir = NONE, compress = NONE, debug = false, expect =
1.sledgehammer initialize  "", fact_filter = NONE, fact_thresholds = (0.45, 0.85), falsify =
1.sledgehammer initialize  SOME false, induction_rules = NONE, instantiate = NONE, isar_proofs = NONE,
1.sledgehammer initialize  lam_trans = NONE, learn = true, max_facts = NONE, max_mono_iters = NONE,
1.sledgehammer initialize  max_new_mono_instances = NONE, max_proofs = 4, minimize = true, overlord =
1.sledgehammer initialize  false, preplay_timeout = 1.000, provers =
1.sledgehammer initialize  ["cvc5", "cvc5_proof", "verit", "z3", "e", "spass", "vampire",
1.sledgehammer initialize   "zipperposition"],
1.sledgehammer initialize  slices = 96, smt_proofs = true, spy = false, strict = false, timeout =
1.sledgehammer initialize  300.000, try0 = true, type_enc = NONE, uncurried_aliases = NONE, verbose =
1.sledgehammer initialize  false}
0.try0 goal.proof         5ms LemmaSledge.AndOrXor_2587 8:288  
1.sledgehammer goal.proof     278114ms LemmaSledge.AndOrXor_2587 8:288  timeout (SH 278114ms) [cvc5]: Timed out
1.sledgehammer finalize   Total number of sledgehammer calls: 1
1.sledgehammer finalize   Number of successful sledgehammer calls: 0
1.sledgehammer finalize   Number of sledgehammer lemmas: 0
1.sledgehammer finalize   Max number of sledgehammer lemmas: 0
1.sledgehammer finalize   Success rate: 0%
1.sledgehammer finalize   Total number of nontrivial sledgehammer calls: 1
1.sledgehammer finalize   Number of successful nontrivial sledgehammer calls: 0
1.sledgehammer finalize   Total time for sledgehammer calls (Isabelle): 278.114
1.sledgehammer finalize   Total time for successful sledgehammer calls (ATP): 0.000
1.sledgehammer finalize   Average time for sledgehammer calls (Isabelle): 278.114
1.sledgehammer finalize   Average time for successful sledgehammer calls (ATP): 0.000
1.sledgehammer initialize Params for sledgehammer: {abduce = SOME 0, cache_dir = NONE, compress = NONE, debug = false, expect =
1.sledgehammer initialize  "", fact_filter = NONE, fact_thresholds = (0.45, 0.85), falsify =
1.sledgehammer initialize  SOME false, induction_rules = NONE, instantiate = NONE, isar_proofs = NONE,
1.sledgehammer initialize  lam_trans = NONE, learn = true, max_facts = NONE, max_mono_iters = NONE,
1.sledgehammer initialize  max_new_mono_instances = NONE, max_proofs = 4, minimize = true, overlord =
1.sledgehammer initialize  false, preplay_timeout = 1.000, provers =
1.sledgehammer initialize  ["cvc5", "cvc5_proof", "verit", "z3", "e", "spass", "vampire",
1.sledgehammer initialize   "zipperposition"],
1.sledgehammer initialize  slices = 96, smt_proofs = true, spy = false, strict = false, timeout =
1.sledgehammer initialize  300.000, try0 = true, type_enc = NONE, uncurried_aliases = NONE, verbose =
1.sledgehammer initialize  false}
0.try0 goal.proof         6ms LemmaSledge.AndOrXor_2113 8:278  
1.sledgehammer goal.proof     278937ms LemmaSledge.AndOrXor_2113 8:278  timeout (SH 278937ms) [cvc5]: Timed out
1.sledgehammer finalize   Total number of sledgehammer calls: 1
1.sledgehammer finalize   Number of successful sledgehammer calls: 0
1.sledgehammer finalize   Number of sledgehammer lemmas: 0
1.sledgehammer finalize   Max number of sledgehammer lemmas: 0
1.sledgehammer finalize   Success rate: 0%
1.sledgehammer finalize   Total number of nontrivial sledgehammer calls: 1
1.sledgehammer finalize   Number of successful nontrivial sledgehammer calls: 0
1.sledgehammer finalize   Total time for sledgehammer calls (Isabelle): 278.937
1.sledgehammer finalize   Total time for successful sledgehammer calls (ATP): 0.000
1.sledgehammer finalize   Average time for sledgehammer calls (Isabelle): 278.937
1.sledgehammer finalize   Average time for successful sledgehammer calls (ATP): 0.000
1.sledgehammer initialize Params for sledgehammer: {abduce = SOME 0, cache_dir = NONE, compress = NONE, debug = false, expect =
1.sledgehammer initialize  "", fact_filter = NONE, fact_thresholds = (0.45, 0.85), falsify =
1.sledgehammer initialize  SOME false, induction_rules = NONE, instantiate = NONE, isar_proofs = NONE,
1.sledgehammer initialize  lam_trans = NONE, learn = true, max_facts = NONE, max_mono_iters = NONE,
1.sledgehammer initialize  max_new_mono_instances = NONE, max_proofs = 4, minimize = true, overlord =
1.sledgehammer initialize  false, preplay_timeout = 1.000, provers =
1.sledgehammer initialize  ["cvc5", "cvc5_proof", "verit", "z3", "e", "spass", "vampire",
1.sledgehammer initialize   "zipperposition"],
1.sledgehammer initialize  slices = 96, smt_proofs = true, spy = false, strict = false, timeout =
1.sledgehammer initialize  300.000, try0 = true, type_enc = NONE, uncurried_aliases = NONE, verbose =
1.sledgehammer initialize  false}
0.try0 goal.proof         6ms LemmaSledge.AndOrXor_1230 8:333  
1.sledgehammer goal.proof     278825ms LemmaSledge.AndOrXor_1230 8:333  timeout (SH 278825ms) [cvc5]: Timed out
1.sledgehammer finalize   Total number of sledgehammer calls: 1
1.sledgehammer finalize   Number of successful sledgehammer calls: 0
1.sledgehammer finalize   Number of sledgehammer lemmas: 0
1.sledgehammer finalize   Max number of sledgehammer lemmas: 0
1.sledgehammer finalize   Success rate: 0%
1.sledgehammer finalize   Total number of nontrivial sledgehammer calls: 1
1.sledgehammer finalize   Number of successful nontrivial sledgehammer calls: 0
1.sledgehammer finalize   Total time for sledgehammer calls (Isabelle): 278.825
1.sledgehammer finalize   Total time for successful sledgehammer calls (ATP): 0.000
1.sledgehammer finalize   Average time for sledgehammer calls (Isabelle): 278.825
1.sledgehammer finalize   Average time for successful sledgehammer calls (ATP): 0.000
1.sledgehammer initialize Params for sledgehammer: {abduce = SOME 0, cache_dir = NONE, compress = NONE, debug = false, expect =
1.sledgehammer initialize  "", fact_filter = NONE, fact_thresholds = (0.45, 0.85), falsify =
1.sledgehammer initialize  SOME false, induction_rules = NONE, instantiate = NONE, isar_proofs = NONE,
1.sledgehammer initialize  lam_trans = NONE, learn = true, max_facts = NONE, max_mono_iters = NONE,
1.sledgehammer initialize  max_new_mono_instances = NONE, max_proofs = 4, minimize = true, overlord =
1.sledgehammer initialize  false, preplay_timeout = 1.000, provers =
1.sledgehammer initialize  ["cvc5", "cvc5_proof", "verit", "z3", "e", "spass", "vampire",
1.sledgehammer initialize   "zipperposition"],
1.sledgehammer initialize  slices = 96, smt_proofs = true, spy = false, strict = false, timeout =
1.sledgehammer initialize  300.000, try0 = true, type_enc = NONE, uncurried_aliases = NONE, verbose =
1.sledgehammer initialize  false}
0.try0 goal.proof         6ms LemmaSledge.InstCombineShift239 8:301  
1.sledgehammer goal.proof     278010ms LemmaSledge.InstCombineShift239 8:301  timeout (SH 278009ms) [cvc5]: Timed out
1.sledgehammer finalize   Total number of sledgehammer calls: 1
1.sledgehammer finalize   Number of successful sledgehammer calls: 0
1.sledgehammer finalize   Number of sledgehammer lemmas: 0
1.sledgehammer finalize   Max number of sledgehammer lemmas: 0
1.sledgehammer finalize   Success rate: 0%
1.sledgehammer finalize   Total number of nontrivial sledgehammer calls: 1
1.sledgehammer finalize   Number of successful nontrivial sledgehammer calls: 0
1.sledgehammer finalize   Total time for sledgehammer calls (Isabelle): 278.009
1.sledgehammer finalize   Total time for successful sledgehammer calls (ATP): 0.000
1.sledgehammer finalize   Average time for sledgehammer calls (Isabelle): 278.009
1.sledgehammer finalize   Average time for successful sledgehammer calls (ATP): 0.000
1.sledgehammer initialize Params for sledgehammer: {abduce = SOME 0, cache_dir = NONE, compress = NONE, debug = false, expect =
1.sledgehammer initialize  "", fact_filter = NONE, fact_thresholds = (0.45, 0.85), falsify =
1.sledgehammer initialize  SOME false, induction_rules = NONE, instantiate = NONE, isar_proofs = NONE,
1.sledgehammer initialize  lam_trans = NONE, learn = true, max_facts = NONE, max_mono_iters = NONE,
1.sledgehammer initialize  max_new_mono_instances = NONE, max_proofs = 4, minimize = true, overlord =
1.sledgehammer initialize  false, preplay_timeout = 1.000, provers =
1.sledgehammer initialize  ["cvc5", "cvc5_proof", "verit", "z3", "e", "spass", "vampire",
1.sledgehammer initialize   "zipperposition"],
1.sledgehammer initialize  slices = 96, smt_proofs = true, spy = false, strict = false, timeout =
1.sledgehammer initialize  300.000, try0 = true, type_enc = NONE, uncurried_aliases = NONE, verbose =
1.sledgehammer initialize  false}
0.try0 goal.proof         4ms LemmaSledge.AddSub_1295 8:274  
1.sledgehammer goal.proof     391316ms LemmaSledge.AddSub_1295 8:274  some (SH 391316ms, ATP 4661ms) [cvc5]: Try this: by (metis add.commute add_diff_cancel_left' add_eq_prec group_cancel.sub1 xor_as_or_and) (37 ms)
1.sledgehammer finalize   Total number of sledgehammer calls: 1
1.sledgehammer finalize   Number of successful sledgehammer calls: 1
1.sledgehammer finalize   Number of sledgehammer lemmas: 5
1.sledgehammer finalize   Max number of sledgehammer lemmas: 5
1.sledgehammer finalize   Success rate: 100%
1.sledgehammer finalize   Total number of nontrivial sledgehammer calls: 1
1.sledgehammer finalize   Number of successful nontrivial sledgehammer calls: 1
1.sledgehammer finalize   Total time for sledgehammer calls (Isabelle): 391.316
1.sledgehammer finalize   Total time for successful sledgehammer calls (ATP): 4.661
1.sledgehammer finalize   Average time for sledgehammer calls (Isabelle): 391.316
1.sledgehammer finalize   Average time for successful sledgehammer calls (ATP): 4.661
1.sledgehammer initialize Params for sledgehammer: {abduce = SOME 0, cache_dir = NONE, compress = NONE, debug = false, expect =
1.sledgehammer initialize  "", fact_filter = NONE, fact_thresholds = (0.45, 0.85), falsify =
1.sledgehammer initialize  SOME false, induction_rules = NONE, instantiate = NONE, isar_proofs = NONE,
1.sledgehammer initialize  lam_trans = NONE, learn = true, max_facts = NONE, max_mono_iters = NONE,
1.sledgehammer initialize  max_new_mono_instances = NONE, max_proofs = 4, minimize = true, overlord =
1.sledgehammer initialize  false, preplay_timeout = 1.000, provers =
1.sledgehammer initialize  ["cvc5", "cvc5_proof", "verit", "z3", "e", "spass", "vampire",
1.sledgehammer initialize   "zipperposition"],
1.sledgehammer initialize  slices = 96, smt_proofs = true, spy = false, strict = false, timeout =
1.sledgehammer initialize  300.000, try0 = true, type_enc = NONE, uncurried_aliases = NONE, verbose =
1.sledgehammer initialize  false}
0.try0 goal.proof         5ms LemmaSledge.AndOrXor_1280 8:279  
1.sledgehammer goal.proof     278846ms LemmaSledge.AndOrXor_1280 8:279  timeout (SH 278846ms) [cvc5]: Timed out
1.sledgehammer finalize   Total number of sledgehammer calls: 1
1.sledgehammer finalize   Number of successful sledgehammer calls: 0
1.sledgehammer finalize   Number of sledgehammer lemmas: 0
1.sledgehammer finalize   Max number of sledgehammer lemmas: 0
1.sledgehammer finalize   Success rate: 0%
1.sledgehammer finalize   Total number of nontrivial sledgehammer calls: 1
1.sledgehammer finalize   Number of successful nontrivial sledgehammer calls: 0
1.sledgehammer finalize   Total time for sledgehammer calls (Isabelle): 278.846
1.sledgehammer finalize   Total time for successful sledgehammer calls (ATP): 0.000
1.sledgehammer finalize   Average time for sledgehammer calls (Isabelle): 278.846
1.sledgehammer finalize   Average time for successful sledgehammer calls (ATP): 0.000
1.sledgehammer initialize Params for sledgehammer: {abduce = SOME 0, cache_dir = NONE, compress = NONE, debug = false, expect =
1.sledgehammer initialize  "", fact_filter = NONE, fact_thresholds = (0.45, 0.85), falsify =
1.sledgehammer initialize  SOME false, induction_rules = NONE, instantiate = NONE, isar_proofs = NONE,
1.sledgehammer initialize  lam_trans = NONE, learn = true, max_facts = NONE, max_mono_iters = NONE,
1.sledgehammer initialize  max_new_mono_instances = NONE, max_proofs = 4, minimize = true, overlord =
1.sledgehammer initialize  false, preplay_timeout = 1.000, provers =
1.sledgehammer initialize  ["cvc5", "cvc5_proof", "verit", "z3", "e", "spass", "vampire",
1.sledgehammer initialize   "zipperposition"],
1.sledgehammer initialize  slices = 96, smt_proofs = true, spy = false, strict = false, timeout =
1.sledgehammer initialize  300.000, try0 = true, type_enc = NONE, uncurried_aliases = NONE, verbose =
1.sledgehammer initialize  false}
0.try0 goal.proof        11ms LemmaSledge.InstCombineShift582 8:301  
1.sledgehammer goal.proof     278033ms LemmaSledge.InstCombineShift582 8:301  timeout (SH 278033ms) [cvc5]: Timed out
1.sledgehammer finalize   Total number of sledgehammer calls: 1
1.sledgehammer finalize   Number of successful sledgehammer calls: 0
1.sledgehammer finalize   Number of sledgehammer lemmas: 0
1.sledgehammer finalize   Max number of sledgehammer lemmas: 0
1.sledgehammer finalize   Success rate: 0%
1.sledgehammer finalize   Total number of nontrivial sledgehammer calls: 1
1.sledgehammer finalize   Number of successful nontrivial sledgehammer calls: 0
1.sledgehammer finalize   Total time for sledgehammer calls (Isabelle): 278.033
1.sledgehammer finalize   Total time for successful sledgehammer calls (ATP): 0.000
1.sledgehammer finalize   Average time for sledgehammer calls (Isabelle): 278.033
1.sledgehammer finalize   Average time for successful sledgehammer calls (ATP): 0.000
1.sledgehammer initialize Params for sledgehammer: {abduce = SOME 0, cache_dir = NONE, compress = NONE, debug = false, expect =
1.sledgehammer initialize  "", fact_filter = NONE, fact_thresholds = (0.45, 0.85), falsify =
1.sledgehammer initialize  SOME false, induction_rules = NONE, instantiate = NONE, isar_proofs = NONE,
1.sledgehammer initialize  lam_trans = NONE, learn = true, max_facts = NONE, max_mono_iters = NONE,
1.sledgehammer initialize  max_new_mono_instances = NONE, max_proofs = 4, minimize = true, overlord =
1.sledgehammer initialize  false, preplay_timeout = 1.000, provers =
1.sledgehammer initialize  ["cvc5", "cvc5_proof", "verit", "z3", "e", "spass", "vampire",
1.sledgehammer initialize   "zipperposition"],
1.sledgehammer initialize  slices = 96, smt_proofs = true, spy = false, strict = false, timeout =
1.sledgehammer initialize  300.000, try0 = true, type_enc = NONE, uncurried_aliases = NONE, verbose =
1.sledgehammer initialize  false}
0.try0 goal.proof         7ms LemmaSledge.AndOrXor_2416 8:306  
1.sledgehammer goal.proof     278976ms LemmaSledge.AndOrXor_2416 8:306  timeout (SH 278976ms) [cvc5]: Timed out
1.sledgehammer finalize   Total number of sledgehammer calls: 1
1.sledgehammer finalize   Number of successful sledgehammer calls: 0
1.sledgehammer finalize   Number of sledgehammer lemmas: 0
1.sledgehammer finalize   Max number of sledgehammer lemmas: 0
1.sledgehammer finalize   Success rate: 0%
1.sledgehammer finalize   Total number of nontrivial sledgehammer calls: 1
1.sledgehammer finalize   Number of successful nontrivial sledgehammer calls: 0
1.sledgehammer finalize   Total time for sledgehammer calls (Isabelle): 278.976
1.sledgehammer finalize   Total time for successful sledgehammer calls (ATP): 0.000
1.sledgehammer finalize   Average time for sledgehammer calls (Isabelle): 278.976
1.sledgehammer finalize   Average time for successful sledgehammer calls (ATP): 0.000
1.sledgehammer initialize Params for sledgehammer: {abduce = SOME 0, cache_dir = NONE, compress = NONE, debug = false, expect =
1.sledgehammer initialize  "", fact_filter = NONE, fact_thresholds = (0.45, 0.85), falsify =
1.sledgehammer initialize  SOME false, induction_rules = NONE, instantiate = NONE, isar_proofs = NONE,
1.sledgehammer initialize  lam_trans = NONE, learn = true, max_facts = NONE, max_mono_iters = NONE,
1.sledgehammer initialize  max_new_mono_instances = NONE, max_proofs = 4, minimize = true, overlord =
1.sledgehammer initialize  false, preplay_timeout = 1.000, provers =
1.sledgehammer initialize  ["cvc5", "cvc5_proof", "verit", "z3", "e", "spass", "vampire",
1.sledgehammer initialize   "zipperposition"],
1.sledgehammer initialize  slices = 96, smt_proofs = true, spy = false, strict = false, timeout =
1.sledgehammer initialize  300.000, try0 = true, type_enc = NONE, uncurried_aliases = NONE, verbose =
1.sledgehammer initialize  false}
0.try0 goal.proof         6ms LemmaSledge.AndOrXor_2647 8:280  
1.sledgehammer goal.proof     278085ms LemmaSledge.AndOrXor_2647 8:280  timeout (SH 278085ms) [cvc5]: Timed out
1.sledgehammer finalize   Total number of sledgehammer calls: 1
1.sledgehammer finalize   Number of successful sledgehammer calls: 0
1.sledgehammer finalize   Number of sledgehammer lemmas: 0
1.sledgehammer finalize   Max number of sledgehammer lemmas: 0
1.sledgehammer finalize   Success rate: 0%
1.sledgehammer finalize   Total number of nontrivial sledgehammer calls: 1
1.sledgehammer finalize   Number of successful nontrivial sledgehammer calls: 0
1.sledgehammer finalize   Total time for sledgehammer calls (Isabelle): 278.085
1.sledgehammer finalize   Total time for successful sledgehammer calls (ATP): 0.000
1.sledgehammer finalize   Average time for sledgehammer calls (Isabelle): 278.085
1.sledgehammer finalize   Average time for successful sledgehammer calls (ATP): 0.000
1.sledgehammer initialize Params for sledgehammer: {abduce = SOME 0, cache_dir = NONE, compress = NONE, debug = false, expect =
1.sledgehammer initialize  "", fact_filter = NONE, fact_thresholds = (0.45, 0.85), falsify =
1.sledgehammer initialize  SOME false, induction_rules = NONE, instantiate = NONE, isar_proofs = NONE,
1.sledgehammer initialize  lam_trans = NONE, learn = true, max_facts = NONE, max_mono_iters = NONE,
1.sledgehammer initialize  max_new_mono_instances = NONE, max_proofs = 4, minimize = true, overlord =
1.sledgehammer initialize  false, preplay_timeout = 1.000, provers =
1.sledgehammer initialize  ["cvc5", "cvc5_proof", "verit", "z3", "e", "spass", "vampire",
1.sledgehammer initialize   "zipperposition"],
1.sledgehammer initialize  slices = 96, smt_proofs = true, spy = false, strict = false, timeout =
1.sledgehammer initialize  300.000, try0 = true, type_enc = NONE, uncurried_aliases = NONE, verbose =
1.sledgehammer initialize  false}
0.try0 goal.proof         5ms LemmaSledge.AndOrXor_2617 8:331  
1.sledgehammer goal.proof     277964ms LemmaSledge.AndOrXor_2617 8:331  timeout (SH 277964ms) [cvc5]: Timed out
1.sledgehammer finalize   Total number of sledgehammer calls: 1
1.sledgehammer finalize   Number of successful sledgehammer calls: 0
1.sledgehammer finalize   Number of sledgehammer lemmas: 0
1.sledgehammer finalize   Max number of sledgehammer lemmas: 0
1.sledgehammer finalize   Success rate: 0%
1.sledgehammer finalize   Total number of nontrivial sledgehammer calls: 1
1.sledgehammer finalize   Number of successful nontrivial sledgehammer calls: 0
1.sledgehammer finalize   Total time for sledgehammer calls (Isabelle): 277.964
1.sledgehammer finalize   Total time for successful sledgehammer calls (ATP): 0.000
1.sledgehammer finalize   Average time for sledgehammer calls (Isabelle): 277.964
1.sledgehammer finalize   Average time for successful sledgehammer calls (ATP): 0.000
1.sledgehammer initialize Params for sledgehammer: {abduce = SOME 0, cache_dir = NONE, compress = NONE, debug = false, expect =
1.sledgehammer initialize  "", fact_filter = NONE, fact_thresholds = (0.45, 0.85), falsify =
1.sledgehammer initialize  SOME false, induction_rules = NONE, instantiate = NONE, isar_proofs = NONE,
1.sledgehammer initialize  lam_trans = NONE, learn = true, max_facts = NONE, max_mono_iters = NONE,
1.sledgehammer initialize  max_new_mono_instances = NONE, max_proofs = 4, minimize = true, overlord =
1.sledgehammer initialize  false, preplay_timeout = 1.000, provers =
1.sledgehammer initialize  ["cvc5", "cvc5_proof", "verit", "z3", "e", "spass", "vampire",
1.sledgehammer initialize   "zipperposition"],
1.sledgehammer initialize  slices = 96, smt_proofs = true, spy = false, strict = false, timeout =
1.sledgehammer initialize  300.000, try0 = true, type_enc = NONE, uncurried_aliases = NONE, verbose =
1.sledgehammer initialize  false}
0.try0 goal.proof         4ms LemmaSledge.AddSub_1564 8:254  
1.sledgehammer goal.proof     276366ms LemmaSledge.AddSub_1564 8:254  timeout (SH 276366ms) [cvc5]: Timed out
1.sledgehammer finalize   Total number of sledgehammer calls: 1
1.sledgehammer finalize   Number of successful sledgehammer calls: 0
1.sledgehammer finalize   Number of sledgehammer lemmas: 0
1.sledgehammer finalize   Max number of sledgehammer lemmas: 0
1.sledgehammer finalize   Success rate: 0%
1.sledgehammer finalize   Total number of nontrivial sledgehammer calls: 1
1.sledgehammer finalize   Number of successful nontrivial sledgehammer calls: 0
1.sledgehammer finalize   Total time for sledgehammer calls (Isabelle): 276.366
1.sledgehammer finalize   Total time for successful sledgehammer calls (ATP): 0.000
1.sledgehammer finalize   Average time for sledgehammer calls (Isabelle): 276.366
1.sledgehammer finalize   Average time for successful sledgehammer calls (ATP): 0.000
1.sledgehammer initialize Params for sledgehammer: {abduce = SOME 0, cache_dir = NONE, compress = NONE, debug = false, expect =
1.sledgehammer initialize  "", fact_filter = NONE, fact_thresholds = (0.45, 0.85), falsify =
1.sledgehammer initialize  SOME false, induction_rules = NONE, instantiate = NONE, isar_proofs = NONE,
1.sledgehammer initialize  lam_trans = NONE, learn = true, max_facts = NONE, max_mono_iters = NONE,
1.sledgehammer initialize  max_new_mono_instances = NONE, max_proofs = 4, minimize = true, overlord =
1.sledgehammer initialize  false, preplay_timeout = 1.000, provers =
1.sledgehammer initialize  ["cvc5", "cvc5_proof", "verit", "z3", "e", "spass", "vampire",
1.sledgehammer initialize   "zipperposition"],
1.sledgehammer initialize  slices = 96, smt_proofs = true, spy = false, strict = false, timeout =
1.sledgehammer initialize  300.000, try0 = true, type_enc = NONE, uncurried_aliases = NONE, verbose =
1.sledgehammer initialize  false}
0.try0 goal.proof         6ms LemmaSledge.AndOrXor_2486 8:261  
1.sledgehammer goal.proof     276954ms LemmaSledge.AndOrXor_2486 8:261  timeout (SH 276954ms) [cvc5]: Timed out
1.sledgehammer finalize   Total number of sledgehammer calls: 1
1.sledgehammer finalize   Number of successful sledgehammer calls: 0
1.sledgehammer finalize   Number of sledgehammer lemmas: 0
1.sledgehammer finalize   Max number of sledgehammer lemmas: 0
1.sledgehammer finalize   Success rate: 0%
1.sledgehammer finalize   Total number of nontrivial sledgehammer calls: 1
1.sledgehammer finalize   Number of successful nontrivial sledgehammer calls: 0
1.sledgehammer finalize   Total time for sledgehammer calls (Isabelle): 276.954
1.sledgehammer finalize   Total time for successful sledgehammer calls (ATP): 0.000
1.sledgehammer finalize   Average time for sledgehammer calls (Isabelle): 276.954
1.sledgehammer finalize   Average time for successful sledgehammer calls (ATP): 0.000
1.sledgehammer initialize Params for sledgehammer: {abduce = SOME 0, cache_dir = NONE, compress = NONE, debug = false, expect =
1.sledgehammer initialize  "", fact_filter = NONE, fact_thresholds = (0.45, 0.85), falsify =
1.sledgehammer initialize  SOME false, induction_rules = NONE, instantiate = NONE, isar_proofs = NONE,
1.sledgehammer initialize  lam_trans = NONE, learn = true, max_facts = NONE, max_mono_iters = NONE,
1.sledgehammer initialize  max_new_mono_instances = NONE, max_proofs = 4, minimize = true, overlord =
1.sledgehammer initialize  false, preplay_timeout = 1.000, provers =
1.sledgehammer initialize  ["cvc5", "cvc5_proof", "verit", "z3", "e", "spass", "vampire",
1.sledgehammer initialize   "zipperposition"],
1.sledgehammer initialize  slices = 96, smt_proofs = true, spy = false, strict = false, timeout =
1.sledgehammer initialize  300.000, try0 = true, type_enc = NONE, uncurried_aliases = NONE, verbose =
1.sledgehammer initialize  false}
0.try0 goal.proof         4ms LemmaSledge.InstCombineShift497a 8:327  
1.sledgehammer goal.proof     277999ms LemmaSledge.InstCombineShift497a 8:327  timeout (SH 277999ms) [cvc5]: Timed out
1.sledgehammer finalize   Total number of sledgehammer calls: 1
1.sledgehammer finalize   Number of successful sledgehammer calls: 0
1.sledgehammer finalize   Number of sledgehammer lemmas: 0
1.sledgehammer finalize   Max number of sledgehammer lemmas: 0
1.sledgehammer finalize   Success rate: 0%
1.sledgehammer finalize   Total number of nontrivial sledgehammer calls: 1
1.sledgehammer finalize   Number of successful nontrivial sledgehammer calls: 0
1.sledgehammer finalize   Total time for sledgehammer calls (Isabelle): 277.999
1.sledgehammer finalize   Total time for successful sledgehammer calls (ATP): 0.000
1.sledgehammer finalize   Average time for sledgehammer calls (Isabelle): 277.999
1.sledgehammer finalize   Average time for successful sledgehammer calls (ATP): 0.000
1.sledgehammer initialize Params for sledgehammer: {abduce = SOME 0, cache_dir = NONE, compress = NONE, debug = false, expect =
1.sledgehammer initialize  "", fact_filter = NONE, fact_thresholds = (0.45, 0.85), falsify =
1.sledgehammer initialize  SOME false, induction_rules = NONE, instantiate = NONE, isar_proofs = NONE,
1.sledgehammer initialize  lam_trans = NONE, learn = true, max_facts = NONE, max_mono_iters = NONE,
1.sledgehammer initialize  max_new_mono_instances = NONE, max_proofs = 4, minimize = true, overlord =
1.sledgehammer initialize  false, preplay_timeout = 1.000, provers =
1.sledgehammer initialize  ["cvc5", "cvc5_proof", "verit", "z3", "e", "spass", "vampire",
1.sledgehammer initialize   "zipperposition"],
1.sledgehammer initialize  slices = 96, smt_proofs = true, spy = false, strict = false, timeout =
1.sledgehammer initialize  300.000, try0 = true, type_enc = NONE, uncurried_aliases = NONE, verbose =
1.sledgehammer initialize  false}
0.try0 goal.proof         6ms LemmaSledge.AndOrXor_2515 8:367  
1.sledgehammer goal.proof     278009ms LemmaSledge.AndOrXor_2515 8:367  timeout (SH 278009ms) [cvc5]: Timed out
1.sledgehammer finalize   Total number of sledgehammer calls: 1
1.sledgehammer finalize   Number of successful sledgehammer calls: 0
1.sledgehammer finalize   Number of sledgehammer lemmas: 0
1.sledgehammer finalize   Max number of sledgehammer lemmas: 0
1.sledgehammer finalize   Success rate: 0%
1.sledgehammer finalize   Total number of nontrivial sledgehammer calls: 1
1.sledgehammer finalize   Number of successful nontrivial sledgehammer calls: 0
1.sledgehammer finalize   Total time for sledgehammer calls (Isabelle): 278.009
1.sledgehammer finalize   Total time for successful sledgehammer calls (ATP): 0.000
1.sledgehammer finalize   Average time for sledgehammer calls (Isabelle): 278.009
1.sledgehammer finalize   Average time for successful sledgehammer calls (ATP): 0.000
1.sledgehammer initialize Params for sledgehammer: {abduce = SOME 0, cache_dir = NONE, compress = NONE, debug = false, expect =
1.sledgehammer initialize  "", fact_filter = NONE, fact_thresholds = (0.45, 0.85), falsify =
1.sledgehammer initialize  SOME false, induction_rules = NONE, instantiate = NONE, isar_proofs = NONE,
1.sledgehammer initialize  lam_trans = NONE, learn = true, max_facts = NONE, max_mono_iters = NONE,
1.sledgehammer initialize  max_new_mono_instances = NONE, max_proofs = 4, minimize = true, overlord =
1.sledgehammer initialize  false, preplay_timeout = 1.000, provers =
1.sledgehammer initialize  ["cvc5", "cvc5_proof", "verit", "z3", "e", "spass", "vampire",
1.sledgehammer initialize   "zipperposition"],
1.sledgehammer initialize  slices = 96, smt_proofs = true, spy = false, strict = false, timeout =
1.sledgehammer initialize  300.000, try0 = true, type_enc = NONE, uncurried_aliases = NONE, verbose =
1.sledgehammer initialize  false}
0.try0 goal.proof         5ms LemmaSledge.AndOrXor_1294 8:305  
1.sledgehammer goal.proof     278854ms LemmaSledge.AndOrXor_1294 8:305  timeout (SH 278854ms) [cvc5]: Timed out
1.sledgehammer finalize   Total number of sledgehammer calls: 1
1.sledgehammer finalize   Number of successful sledgehammer calls: 0
1.sledgehammer finalize   Number of sledgehammer lemmas: 0
1.sledgehammer finalize   Max number of sledgehammer lemmas: 0
1.sledgehammer finalize   Success rate: 0%
1.sledgehammer finalize   Total number of nontrivial sledgehammer calls: 1
1.sledgehammer finalize   Number of successful nontrivial sledgehammer calls: 0
1.sledgehammer finalize   Total time for sledgehammer calls (Isabelle): 278.854
1.sledgehammer finalize   Total time for successful sledgehammer calls (ATP): 0.000
1.sledgehammer finalize   Average time for sledgehammer calls (Isabelle): 278.854
1.sledgehammer finalize   Average time for successful sledgehammer calls (ATP): 0.000
1.sledgehammer initialize Params for sledgehammer: {abduce = SOME 0, cache_dir = NONE, compress = NONE, debug = false, expect =
1.sledgehammer initialize  "", fact_filter = NONE, fact_thresholds = (0.45, 0.85), falsify =
1.sledgehammer initialize  SOME false, induction_rules = NONE, instantiate = NONE, isar_proofs = NONE,
1.sledgehammer initialize  lam_trans = NONE, learn = true, max_facts = NONE, max_mono_iters = NONE,
1.sledgehammer initialize  max_new_mono_instances = NONE, max_proofs = 4, minimize = true, overlord =
1.sledgehammer initialize  false, preplay_timeout = 1.000, provers =
1.sledgehammer initialize  ["cvc5", "cvc5_proof", "verit", "z3", "e", "spass", "vampire",
1.sledgehammer initialize   "zipperposition"],
1.sledgehammer initialize  slices = 96, smt_proofs = true, spy = false, strict = false, timeout =
1.sledgehammer initialize  300.000, try0 = true, type_enc = NONE, uncurried_aliases = NONE, verbose =
1.sledgehammer initialize  false}
0.try0 goal.proof         4ms LemmaSledge.AndOrXor_2581 8:287  
1.sledgehammer goal.proof     277948ms LemmaSledge.AndOrXor_2581 8:287  timeout (SH 277948ms) [cvc5]: Timed out
1.sledgehammer finalize   Total number of sledgehammer calls: 1
1.sledgehammer finalize   Number of successful sledgehammer calls: 0
1.sledgehammer finalize   Number of sledgehammer lemmas: 0
1.sledgehammer finalize   Max number of sledgehammer lemmas: 0
1.sledgehammer finalize   Success rate: 0%
1.sledgehammer finalize   Total number of nontrivial sledgehammer calls: 1
1.sledgehammer finalize   Number of successful nontrivial sledgehammer calls: 0
1.sledgehammer finalize   Total time for sledgehammer calls (Isabelle): 277.948
1.sledgehammer finalize   Total time for successful sledgehammer calls (ATP): 0.000
1.sledgehammer finalize   Average time for sledgehammer calls (Isabelle): 277.948
1.sledgehammer finalize   Average time for successful sledgehammer calls (ATP): 0.000
1.sledgehammer initialize Params for sledgehammer: {abduce = SOME 0, cache_dir = NONE, compress = NONE, debug = false, expect =
1.sledgehammer initialize  "", fact_filter = NONE, fact_thresholds = (0.45, 0.85), falsify =
1.sledgehammer initialize  SOME false, induction_rules = NONE, instantiate = NONE, isar_proofs = NONE,
1.sledgehammer initialize  lam_trans = NONE, learn = true, max_facts = NONE, max_mono_iters = NONE,
1.sledgehammer initialize  max_new_mono_instances = NONE, max_proofs = 4, minimize = true, overlord =
1.sledgehammer initialize  false, preplay_timeout = 1.000, provers =
1.sledgehammer initialize  ["cvc5", "cvc5_proof", "verit", "z3", "e", "spass", "vampire",
1.sledgehammer initialize   "zipperposition"],
1.sledgehammer initialize  slices = 96, smt_proofs = true, spy = false, strict = false, timeout =
1.sledgehammer initialize  300.000, try0 = true, type_enc = NONE, uncurried_aliases = NONE, verbose =
1.sledgehammer initialize  false}
0.try0 goal.proof         4ms LemmaSledge.AndOrXor_2265 8:279  
1.sledgehammer goal.proof     278192ms LemmaSledge.AndOrXor_2265 8:279  timeout (SH 278192ms) [cvc5]: Timed out
1.sledgehammer finalize   Total number of sledgehammer calls: 1
1.sledgehammer finalize   Number of successful sledgehammer calls: 0
1.sledgehammer finalize   Number of sledgehammer lemmas: 0
1.sledgehammer finalize   Max number of sledgehammer lemmas: 0
1.sledgehammer finalize   Success rate: 0%
1.sledgehammer finalize   Total number of nontrivial sledgehammer calls: 1
1.sledgehammer finalize   Number of successful nontrivial sledgehammer calls: 0
1.sledgehammer finalize   Total time for sledgehammer calls (Isabelle): 278.192
1.sledgehammer finalize   Total time for successful sledgehammer calls (ATP): 0.000
1.sledgehammer finalize   Average time for sledgehammer calls (Isabelle): 278.192
1.sledgehammer finalize   Average time for successful sledgehammer calls (ATP): 0.000
1.sledgehammer initialize Params for sledgehammer: {abduce = SOME 0, cache_dir = NONE, compress = NONE, debug = false, expect =
1.sledgehammer initialize  "", fact_filter = NONE, fact_thresholds = (0.45, 0.85), falsify =
1.sledgehammer initialize  SOME false, induction_rules = NONE, instantiate = NONE, isar_proofs = NONE,
1.sledgehammer initialize  lam_trans = NONE, learn = true, max_facts = NONE, max_mono_iters = NONE,
1.sledgehammer initialize  max_new_mono_instances = NONE, max_proofs = 4, minimize = true, overlord =
1.sledgehammer initialize  false, preplay_timeout = 1.000, provers =
1.sledgehammer initialize  ["cvc5", "cvc5_proof", "verit", "z3", "e", "spass", "vampire",
1.sledgehammer initialize   "zipperposition"],
1.sledgehammer initialize  slices = 96, smt_proofs = true, spy = false, strict = false, timeout =
1.sledgehammer initialize  300.000, try0 = true, type_enc = NONE, uncurried_aliases = NONE, verbose =
1.sledgehammer initialize  false}
0.try0 goal.proof         5ms LemmaSledge.AndOrXor_2118 8:303  
1.sledgehammer goal.proof     278945ms LemmaSledge.AndOrXor_2118 8:303  timeout (SH 278945ms) [cvc5]: Timed out
1.sledgehammer finalize   Total number of sledgehammer calls: 1
1.sledgehammer finalize   Number of successful sledgehammer calls: 0
1.sledgehammer finalize   Number of sledgehammer lemmas: 0
1.sledgehammer finalize   Max number of sledgehammer lemmas: 0
1.sledgehammer finalize   Success rate: 0%
1.sledgehammer finalize   Total number of nontrivial sledgehammer calls: 1
1.sledgehammer finalize   Number of successful nontrivial sledgehammer calls: 0
1.sledgehammer finalize   Total time for sledgehammer calls (Isabelle): 278.945
1.sledgehammer finalize   Total time for successful sledgehammer calls (ATP): 0.000
1.sledgehammer finalize   Average time for sledgehammer calls (Isabelle): 278.945
1.sledgehammer finalize   Average time for successful sledgehammer calls (ATP): 0.000
